#
# There is insufficient memory for the Java Runtime Environment to continue.
# Native memory allocation (mmap) failed to map 170917888 bytes for committing reserved memory.
# Possible reasons:
#   The system is out of physical RAM or swap space
#   In 32 bit mode, the process size limit was hit
# Possible solutions:
#   Reduce memory load on the system
#   Increase physical memory or swap space
#   Check if swap backing store is full
#   Use 64 bit Java on a 64 bit OS
#   Decrease Java heap size (-Xmx/-Xms)
#   Decrease number of Java threads
#   Decrease Java thread stack sizes (-Xss)
#   Set larger code cache with -XX:ReservedCodeCacheSize=
# This output file may be truncated or incomplete.
#
#  Out of Memory Error (os_linux.cpp:2627), pid=16869, tid=139820133209856
#
# JRE version: Java(TM) SE Runtime Environment (8.0_65-b17) (build 1.8.0_65-b17)
# Java VM: Java HotSpot(TM) 64-Bit Server VM (25.65-b01 mixed mode linux-amd64 compressed oops)
# Failed to write core dump. Core dumps have been disabled. To enable core dumping, try "ulimit -c unlimited" before starting Java again
#

---------------  T H R E A D  ---------------

Current thread (0x00007f2a80078000):  VMThread [stack: 0x00007f2a694f5000,0x00007f2a695f6000] [id=16895]

Stack: [0x00007f2a694f5000,0x00007f2a695f6000],  sp=0x00007f2a695f4260,  free space=1020k
Native frames: (J=compiled Java code, j=interpreted, Vv=VM code, C=native code)
V  [libjvm.so+0xab97ea]  VMError::report_and_die()+0x2ba
V  [libjvm.so+0x4f9dcb]  report_vm_out_of_memory(char const*, int, unsigned long, VMErrorType, char const*)+0x8b
V  [libjvm.so+0x91a7c3]  os::Linux::commit_memory_impl(char*, unsigned long, bool)+0x103
V  [libjvm.so+0x91ad19]  os::pd_commit_memory(char*, unsigned long, unsigned long, bool)+0x29
V  [libjvm.so+0x91502a]  os::commit_memory(char*, unsigned long, unsigned long, bool)+0x2a
V  [libjvm.so+0x9886d3]  PSVirtualSpace::expand_by(unsigned long)+0x53
V  [libjvm.so+0x989ad8]  PSYoungGen::resize_generation(unsigned long, unsigned long)+0xf8
V  [libjvm.so+0x988c32]  PSYoungGen::resize(unsigned long, unsigned long)+0x22
V  [libjvm.so+0x985f0b]  PSScavenge::invoke_no_policy()+0xf3b
V  [libjvm.so+0x986691]  PSScavenge::invoke()+0x41
V  [libjvm.so+0x93e430]  ParallelScavengeHeap::failed_mem_allocate(unsigned long)+0x70
V  [libjvm.so+0xabb207]  VM_ParallelGCFailedAllocation::doit()+0x97
V  [libjvm.so+0xac2c35]  VM_Operation::evaluate()+0x55
V  [libjvm.so+0xac100a]  VMThread::evaluate_operation(VM_Operation*)+0xba
V  [libjvm.so+0xac138e]  VMThread::loop()+0x1ce
V  [libjvm.so+0xac1800]  VMThread::run()+0x70
V  [libjvm.so+0x91cb88]  java_start(Thread*)+0x108

VM_Operation (0x00007f2a68204b90): ParallelGCFailedAllocation, mode: safepoint, requested by thread 0x00007f2a80163000


---------------  P R O C E S S  ---------------

Java Threads: ( => current thread )
  0x00007f2a80163000 JavaThread "pool-1-thread-4" [_thread_blocked, id=16941, stack(0x00007f2a68106000,0x00007f2a68207000)]
  0x00007f2a80161000 JavaThread "pool-1-thread-3" [_thread_blocked, id=16940, stack(0x00007f2a68207000,0x00007f2a68308000)]
  0x00007f2a8015f000 JavaThread "pool-1-thread-2" [_thread_blocked, id=16936, stack(0x00007f2a68308000,0x00007f2a68409000)]
  0x00007f2a80152800 JavaThread "pool-2-thread-1" [_thread_blocked, id=16927, stack(0x00007f2a68409000,0x00007f2a6850a000)]
  0x00007f2a80150800 JavaThread "pool-1-thread-1" [_thread_blocked, id=16926, stack(0x00007f2a6850a000,0x00007f2a6860b000)]
  0x00007f2a800c2800 JavaThread "Service Thread" daemon [_thread_blocked, id=16913, stack(0x00007f2a6870c000,0x00007f2a6880d000)]
  0x00007f2a800bd800 JavaThread "C1 CompilerThread2" daemon [_thread_blocked, id=16912, stack(0x00007f2a6880d000,0x00007f2a6890e000)]
  0x00007f2a800bc000 JavaThread "C2 CompilerThread1" daemon [_thread_blocked, id=16910, stack(0x00007f2a6890e000,0x00007f2a68a0f000)]
  0x00007f2a800b9000 JavaThread "C2 CompilerThread0" daemon [_thread_blocked, id=16909, stack(0x00007f2a68a0f000,0x00007f2a68b10000)]
  0x00007f2a800b7800 JavaThread "Signal Dispatcher" daemon [_thread_blocked, id=16902, stack(0x00007f2a68b10000,0x00007f2a68c11000)]
  0x00007f2a8007f000 JavaThread "Finalizer" daemon [_thread_blocked, id=16897, stack(0x00007f2a692f3000,0x00007f2a693f4000)]
  0x00007f2a8007d000 JavaThread "Reference Handler" daemon [_thread_blocked, id=16896, stack(0x00007f2a693f4000,0x00007f2a694f5000)]
  0x00007f2a8000a000 JavaThread "main" [_thread_blocked, id=16874, stack(0x00007f2a87be5000,0x00007f2a87ce6000)]

Other Threads:
=>0x00007f2a80078000 VMThread [stack: 0x00007f2a694f5000,0x00007f2a695f6000] [id=16895]
  0x00007f2a800c5800 WatcherThread [stack: 0x00007f2a6860b000,0x00007f2a6870c000] [id=16917]

VM state:at safepoint (normal execution)

VM Mutex/Monitor currently owned by a thread:  ([mutex/lock_event])
[0x00007f2a80006590] Threads_lock - owner thread: 0x00007f2a80078000
[0x00007f2a80006a90] Heap_lock - owner thread: 0x00007f2a80163000

Heap:
 PSYoungGen      total 132096K, used 5092K [0x00000000eab00000, 0x00000000f3100000, 0x0000000100000000)
  eden space 126976K, 0% used [0x00000000eab00000,0x00000000eab00000,0x00000000f2700000)
  from space 5120K, 99% used [0x00000000f2700000,0x00000000f2bf9080,0x00000000f2c00000)
  to   space 5120K, 0% used [0x00000000f2c00000,0x00000000f2c00000,0x00000000f3100000)
 ParOldGen       total 84992K, used 41594K [0x00000000c0000000, 0x00000000c5300000, 0x00000000eab00000)
  object space 84992K, 48% used [0x00000000c0000000,0x00000000c289e940,0x00000000c5300000)
 Metaspace       used 6224K, capacity 7154K, committed 7296K, reserved 1056768K
  class space    used 604K, capacity 618K, committed 640K, reserved 1048576K

Card table byte_map: [0x00007f2a847aa000,0x00007f2a849ab000] byte_map_base: 0x00007f2a841aa000

Marking Bits: (ParMarkBitMap*) 0x00007f2a870b9de0
 Begin Bits: [0x00007f2a6a000000, 0x00007f2a6b000000)
 End Bits:   [0x00007f2a6b000000, 0x00007f2a6c000000)

Polling page: 0x00007f2a87d01000

CodeCache: size=245760Kb used=6846Kb max_used=6846Kb free=238913Kb
 bounds [0x00007f2a71000000, 0x00007f2a716c0000, 0x00007f2a80000000]
 total_blobs=2043 nmethods=1775 adapters=182
 compilation: enabled

Compilation events (10 events):
Event: 61.726 Thread 0x00007f2a800bd800 2100       3       com.android.dx.cf.code.Ropper::getRopMethod (64 bytes)
Event: 61.728 Thread 0x00007f2a800bd800 nmethod 2100 0x00007f2a716ae450 code [0x00007f2a716ae6a0, 0x00007f2a716af3d8]
Event: 61.728 Thread 0x00007f2a800bd800 2099       2       com.android.dx.rop.type.StdTypeList::getWordCount (33 bytes)
Event: 61.728 Thread 0x00007f2a800bd800 nmethod 2099 0x00007f2a716afc50 code [0x00007f2a716afde0, 0x00007f2a716b0038]
Event: 61.728 Thread 0x00007f2a800bd800 2098       2       com.android.dx.cf.direct.MemberListParser::<init> (74 bytes)
Event: 61.729 Thread 0x00007f2a800bd800 nmethod 2098 0x00007f2a716b0210 code [0x00007f2a716b03a0, 0x00007f2a716b0748]
Event: 61.744 Thread 0x00007f2a800bd800 2101       2       java.util.DualPivotQuicksort::sort (1195 bytes)
Event: 61.761 Thread 0x00007f2a800bd800 nmethod 2101 0x00007f2a716b0910 code [0x00007f2a716b0c00, 0x00007f2a716b2108]
Event: 61.798 Thread 0x00007f2a800bd800 2102       2       com.android.dx.rop.annotation.Annotations::<init> (16 bytes)
Event: 61.798 Thread 0x00007f2a800bd800 nmethod 2102 0x00007f2a716b4310 code [0x00007f2a716b4480, 0x00007f2a716b4650]

GC Heap History (9 events):
Event: 3.794 GC heap before
{Heap before GC invocations=1 (full 0):
 PSYoungGen      total 36864K, used 31744K [0x00000000eab00000, 0x00000000ed400000, 0x0000000100000000)
  eden space 31744K, 100% used [0x00000000eab00000,0x00000000eca00000,0x00000000eca00000)
  from space 5120K, 0% used [0x00000000ecf00000,0x00000000ecf00000,0x00000000ed400000)
  to   space 5120K, 0% used [0x00000000eca00000,0x00000000eca00000,0x00000000ecf00000)
 ParOldGen       total 84992K, used 0K [0x00000000c0000000, 0x00000000c5300000, 0x00000000eab00000)
  object space 84992K, 0% used [0x00000000c0000000,0x00000000c0000000,0x00000000c5300000)
 Metaspace       used 5709K, capacity 6832K, committed 7040K, reserved 1056768K
  class space    used 582K, capacity 616K, committed 640K, reserved 1048576K
Event: 3.882 GC heap after
Heap after GC invocations=1 (full 0):
 PSYoungGen      total 36864K, used 5096K [0x00000000eab00000, 0x00000000ef300000, 0x0000000100000000)
  eden space 31744K, 0% used [0x00000000eab00000,0x00000000eab00000,0x00000000eca00000)
  from space 5120K, 99% used [0x00000000eca00000,0x00000000ecefa130,0x00000000ecf00000)
  to   space 5120K, 0% used [0x00000000eee00000,0x00000000eee00000,0x00000000ef300000)
 ParOldGen       total 84992K, used 1321K [0x00000000c0000000, 0x00000000c5300000, 0x00000000eab00000)
  object space 84992K, 1% used [0x00000000c0000000,0x00000000c014a690,0x00000000c5300000)
 Metaspace       used 5709K, capacity 6832K, committed 7040K, reserved 1056768K
  class space    used 582K, capacity 616K, committed 640K, reserved 1048576K
}
Event: 5.120 GC heap before
{Heap before GC invocations=2 (full 0):
 PSYoungGen      total 36864K, used 36840K [0x00000000eab00000, 0x00000000ef300000, 0x0000000100000000)
  eden space 31744K, 100% used [0x00000000eab00000,0x00000000eca00000,0x00000000eca00000)
  from space 5120K, 99% used [0x00000000eca00000,0x00000000ecefa130,0x00000000ecf00000)
  to   space 5120K, 0% used [0x00000000eee00000,0x00000000eee00000,0x00000000ef300000)
 ParOldGen       total 84992K, used 1321K [0x00000000c0000000, 0x00000000c5300000, 0x00000000eab00000)
  object space 84992K, 1% used [0x00000000c0000000,0x00000000c014a690,0x00000000c5300000)
 Metaspace       used 5836K, capacity 6960K, committed 7040K, reserved 1056768K
  class space    used 584K, capacity 616K, committed 640K, reserved 1048576K
Event: 5.305 GC heap after
Heap after GC invocations=2 (full 0):
 PSYoungGen      total 68608K, used 5107K [0x00000000eab00000, 0x00000000ef300000, 0x0000000100000000)
  eden space 63488K, 0% used [0x00000000eab00000,0x00000000eab00000,0x00000000ee900000)
  from space 5120K, 99% used [0x00000000eee00000,0x00000000ef2fcda0,0x00000000ef300000)
  to   space 5120K, 0% used [0x00000000ee900000,0x00000000ee900000,0x00000000eee00000)
 ParOldGen       total 84992K, used 5274K [0x00000000c0000000, 0x00000000c5300000, 0x00000000eab00000)
  object space 84992K, 6% used [0x00000000c0000000,0x00000000c0526938,0x00000000c5300000)
 Metaspace       used 5836K, capacity 6960K, committed 7040K, reserved 1056768K
  class space    used 584K, capacity 616K, committed 640K, reserved 1048576K
}
Event: 58.704 GC heap before
{Heap before GC invocations=3 (full 0):
 PSYoungGen      total 68608K, used 68595K [0x00000000eab00000, 0x00000000ef300000, 0x0000000100000000)
  eden space 63488K, 100% used [0x00000000eab00000,0x00000000ee900000,0x00000000ee900000)
  from space 5120K, 99% used [0x00000000eee00000,0x00000000ef2fcda0,0x00000000ef300000)
  to   space 5120K, 0% used [0x00000000ee900000,0x00000000ee900000,0x00000000eee00000)
 ParOldGen       total 84992K, used 5274K [0x00000000c0000000, 0x00000000c5300000, 0x00000000eab00000)
  object space 84992K, 6% used [0x00000000c0000000,0x00000000c0526938,0x00000000c5300000)
 Metaspace       used 5983K, capacity 6962K, committed 7040K, reserved 1056768K
  class space    used 604K, capacity 618K, committed 640K, reserved 1048576K
Event: 58.895 GC heap after
Heap after GC invocations=3 (full 0):
 PSYoungGen      total 68608K, used 5106K [0x00000000eab00000, 0x00000000f3100000, 0x0000000100000000)
  eden space 63488K, 0% used [0x00000000eab00000,0x00000000eab00000,0x00000000ee900000)
  from space 5120K, 99% used [0x00000000ee900000,0x00000000eedfc988,0x00000000eee00000)
  to   space 5120K, 0% used [0x00000000f2c00000,0x00000000f2c00000,0x00000000f3100000)
 ParOldGen       total 84992K, used 14390K [0x00000000c0000000, 0x00000000c5300000, 0x00000000eab00000)
  object space 84992K, 16% used [0x00000000c0000000,0x00000000c0e0d870,0x00000000c5300000)
 Metaspace       used 5983K, capacity 6962K, committed 7040K, reserved 1056768K
  class space    used 604K, capacity 618K, committed 640K, reserved 1048576K
}
Event: 59.913 GC heap before
{Heap before GC invocations=4 (full 0):
 PSYoungGen      total 68608K, used 68594K [0x00000000eab00000, 0x00000000f3100000, 0x0000000100000000)
  eden space 63488K, 100% used [0x00000000eab00000,0x00000000ee900000,0x00000000ee900000)
  from space 5120K, 99% used [0x00000000ee900000,0x00000000eedfc988,0x00000000eee00000)
  to   space 5120K, 0% used [0x00000000f2c00000,0x00000000f2c00000,0x00000000f3100000)
 ParOldGen       total 84992K, used 14390K [0x00000000c0000000, 0x00000000c5300000, 0x00000000eab00000)
  object space 84992K, 16% used [0x00000000c0000000,0x00000000c0e0d870,0x00000000c5300000)
 Metaspace       used 6082K, capacity 7090K, committed 7296K, reserved 1056768K
  class space    used 604K, capacity 618K, committed 640K, reserved 1048576K
Event: 60.144 GC heap after
Heap after GC invocations=4 (full 0):
 PSYoungGen      total 132096K, used 5101K [0x00000000eab00000, 0x00000000f3100000, 0x0000000100000000)
  eden space 126976K, 0% used [0x00000000eab00000,0x00000000eab00000,0x00000000f2700000)
  from space 5120K, 99% used [0x00000000f2c00000,0x00000000f30fb488,0x00000000f3100000)
  to   space 5120K, 0% used [0x00000000f2700000,0x00000000f2700000,0x00000000f2c00000)
 ParOldGen       total 84992K, used 23487K [0x00000000c0000000, 0x00000000c5300000, 0x00000000eab00000)
  object space 84992K, 27% used [0x00000000c0000000,0x00000000c16efd60,0x00000000c5300000)
 Metaspace       used 6082K, capacity 7090K, committed 7296K, reserved 1056768K
  class space    used 604K, capacity 618K, committed 640K, reserved 1048576K
}
Event: 61.865 GC heap before
{Heap before GC invocations=5 (full 0):
 PSYoungGen      total 132096K, used 132077K [0x00000000eab00000, 0x00000000f3100000, 0x0000000100000000)
  eden space 126976K, 100% used [0x00000000eab00000,0x00000000f2700000,0x00000000f2700000)
  from space 5120K, 99% used [0x00000000f2c00000,0x00000000f30fb488,0x00000000f3100000)
  to   space 5120K, 0% used [0x00000000f2700000,0x00000000f2700000,0x00000000f2c00000)
 ParOldGen       total 84992K, used 23487K [0x00000000c0000000, 0x00000000c5300000, 0x00000000eab00000)
  object space 84992K, 27% used [0x00000000c0000000,0x00000000c16efd60,0x00000000c5300000)
 Metaspace       used 6224K, capacity 7154K, committed 7296K, reserved 1056768K
  class space    used 604K, capacity 618K, committed 640K, reserved 1048576K

Deoptimization events (10 events):
Event: 5.399 Thread 0x00007f2a80150800 Uncommon trap: reason=class_check action=maybe_recompile pc=0x00007f2a713f921c method=java.util.HashMap.putVal(ILjava/lang/Object;Ljava/lang/Object;ZZ)Ljava/lang/Object; @ 203
Event: 5.407 Thread 0x00007f2a80150800 Uncommon trap: reason=bimorphic action=maybe_recompile pc=0x00007f2a71334618 method=java.util.HashMap.getNode(ILjava/lang/Object;)Ljava/util/HashMap$Node; @ 126
Event: 5.963 Thread 0x00007f2a8000a000 Uncommon trap: reason=unstable_if action=reinterpret pc=0x00007f2a713f9274 method=java.util.HashMap.putVal(ILjava/lang/Object;Ljava/lang/Object;ZZ)Ljava/lang/Object; @ 94
Event: 57.557 Thread 0x00007f2a8000a000 Uncommon trap: reason=unstable_if action=reinterpret pc=0x00007f2a7137b414 method=java.util.HashMap.putVal(ILjava/lang/Object;Ljava/lang/Object;ZZ)Ljava/lang/Object; @ 162
Event: 57.938 Thread 0x00007f2a8000a000 Uncommon trap: reason=unstable_if action=reinterpret pc=0x00007f2a713345f8 method=java.util.HashMap.getNode(ILjava/lang/Object;)Ljava/util/HashMap$Node; @ 84
Event: 57.967 Thread 0x00007f2a8015f000 Uncommon trap: reason=unstable_if action=reinterpret pc=0x00007f2a714c65d0 method=com.android.dx.ssa.SsaRenamer$BlockRenamer.addMapping(ILcom/android/dx/rop/code/RegisterSpec;)V @ 120
Event: 57.967 Thread 0x00007f2a8015f000 Uncommon trap: reason=unstable_if action=reinterpret pc=0x00007f2a714c22f0 method=com.android.dx.ssa.SsaRenamer$BlockRenamer.addMapping(ILcom/android/dx/rop/code/RegisterSpec;)V @ 120
Event: 58.139 Thread 0x00007f2a8000a000 Uncommon trap: reason=unstable_if action=reinterpret pc=0x00007f2a713816d0 method=com.android.dx.dex.code.OutputFinisher.hasLocalInfo(Lcom/android/dx/dex/code/DalvInsn;)Z @ 24
Event: 58.284 Thread 0x00007f2a8015f000 Uncommon trap: reason=unstable_if action=reinterpret pc=0x00007f2a713311fc method=com.android.dx.ssa.SsaMethod.updateOneDefinition(Lcom/android/dx/ssa/SsaInsn;Lcom/android/dx/rop/code/RegisterSpec;)V @ 4
Event: 59.665 Thread 0x00007f2a80163000 Uncommon trap: reason=unstable_if action=reinterpret pc=0x00007f2a7158bd6c method=java.util.HashMap.putVal(ILjava/lang/Object;Ljava/lang/Object;ZZ)Ljava/lang/Object; @ 109

Internal exceptions (8 events):
Event: 0.171 Thread 0x00007f2a8000a000 Exception <a 'java/lang/NoSuchMethodError': Method sun.misc.Unsafe.defineClass(Ljava/lang/String;[BII)Ljava/lang/Class; name or signature does not match> (0x00000000eab129d8) thrown at [/HUDSON/workspace/8-2-build-linux-amd64/jdk8u65/4987/hotspot/src/shar
Event: 0.171 Thread 0x00007f2a8000a000 Exception <a 'java/lang/NoSuchMethodError': Method sun.misc.Unsafe.prefetchRead(Ljava/lang/Object;J)V name or signature does not match> (0x00000000eab12cc0) thrown at [/HUDSON/workspace/8-2-build-linux-amd64/jdk8u65/4987/hotspot/src/share/vm/prims/jni.cpp
Event: 4.664 Thread 0x00007f2a80163000 Implicit null exception at 0x00007f2a713bb422 to 0x00007f2a713bb513
Event: 4.679 Thread 0x00007f2a80161000 Implicit null exception at 0x00007f2a712af0e7 to 0x00007f2a712b149d
Event: 4.791 Thread 0x00007f2a8015f000 Implicit null exception at 0x00007f2a71271fd0 to 0x00007f2a71274155
Event: 57.805 Thread 0x00007f2a8000a000 Exception <a 'java/lang/ArrayIndexOutOfBoundsException': 18> (0x00000000eccc7d18) thrown at [/HUDSON/workspace/8-2-build-linux-amd64/jdk8u65/4987/hotspot/src/share/vm/interpreter/interpreterRuntime.cpp, line 366]
Event: 57.806 Thread 0x00007f2a8000a000 Exception <a 'java/lang/ArrayIndexOutOfBoundsException': 145> (0x00000000eccc9898) thrown at [/HUDSON/workspace/8-2-build-linux-amd64/jdk8u65/4987/hotspot/src/share/vm/interpreter/interpreterRuntime.cpp, line 366]
Event: 57.860 Thread 0x00007f2a8000a000 Exception <a 'java/lang/ArrayIndexOutOfBoundsException'> (0x00000000ecccab80) thrown at [/HUDSON/workspace/8-2-build-linux-amd64/jdk8u65/4987/hotspot/src/share/vm/runtime/sharedRuntime.cpp, line 605]

Events (10 events):
Event: 61.053 Thread 0x00007f2a8015f000 DEOPT PACKING pc=0x00007f2a7145d882 sp=0x00007f2a68406fd0
Event: 61.053 Thread 0x00007f2a8015f000 DEOPT UNPACKING pc=0x00007f2a71047233 sp=0x00007f2a68406d10 mode 0
Event: 61.202 Thread 0x00007f2a8000a000 DEOPT PACKING pc=0x00007f2a711ff279 sp=0x00007f2a87ce37e0
Event: 61.202 Thread 0x00007f2a8000a000 DEOPT UNPACKING pc=0x00007f2a71047233 sp=0x00007f2a87ce3530 mode 0
Event: 61.391 Thread 0x00007f2a8015f000 DEOPT PACKING pc=0x00007f2a71363b22 sp=0x00007f2a68406b30
Event: 61.391 Thread 0x00007f2a8015f000 DEOPT UNPACKING pc=0x00007f2a71047233 sp=0x00007f2a68406930 mode 0
Event: 61.578 Thread 0x00007f2a80150800 DEOPT PACKING pc=0x00007f2a7145d882 sp=0x00007f2a686091a0
Event: 61.578 Thread 0x00007f2a80150800 DEOPT UNPACKING pc=0x00007f2a71047233 sp=0x00007f2a68608ee0 mode 0
Event: 61.797 loading class java/util/HashMap$KeySet
Event: 61.861 Executing VM operation: ParallelGCFailedAllocation


Dynamic libraries:
00400000-00401000 r-xp 00000000 08:01 5124091                            /usr/lib/jvm/jdk/jdk1.8.0_65/bin/java
00600000-00601000 rw-p 00000000 08:01 5124091                            /usr/lib/jvm/jdk/jdk1.8.0_65/bin/java
018f8000-01919000 rw-p 00000000 00:00 0                                  [heap]
c0000000-c5300000 rw-p 00000000 00:00 0 
c5300000-eab00000 ---p 00000000 00:00 0 
eab00000-f3100000 rw-p 00000000 00:00 0 
fd400000-100000000 ---p 00000000 00:00 0 
100000000-1000a0000 rw-p 00000000 00:00 0 
1000a0000-140000000 ---p 00000000 00:00 0 
7f2a1c000000-7f2a1c021000 rw-p 00000000 00:00 0 
7f2a1c021000-7f2a20000000 ---p 00000000 00:00 0 
7f2a24000000-7f2a24021000 rw-p 00000000 00:00 0 
7f2a24021000-7f2a28000000 ---p 00000000 00:00 0 
7f2a28000000-7f2a28021000 rw-p 00000000 00:00 0 
7f2a28021000-7f2a2c000000 ---p 00000000 00:00 0 
7f2a2c000000-7f2a2c049000 rw-p 00000000 00:00 0 
7f2a2c049000-7f2a30000000 ---p 00000000 00:00 0 
7f2a30000000-7f2a30021000 rw-p 00000000 00:00 0 
7f2a30021000-7f2a34000000 ---p 00000000 00:00 0 
7f2a34000000-7f2a34021000 rw-p 00000000 00:00 0 
7f2a34021000-7f2a38000000 ---p 00000000 00:00 0 
7f2a38000000-7f2a38021000 rw-p 00000000 00:00 0 
7f2a38021000-7f2a3c000000 ---p 00000000 00:00 0 
7f2a3c000000-7f2a3cd2c000 rw-p 00000000 00:00 0 
7f2a3cd2c000-7f2a40000000 ---p 00000000 00:00 0 
7f2a40000000-7f2a40a69000 rw-p 00000000 00:00 0 
7f2a40a69000-7f2a44000000 ---p 00000000 00:00 0 
7f2a44000000-7f2a44021000 rw-p 00000000 00:00 0 
7f2a44021000-7f2a48000000 ---p 00000000 00:00 0 
7f2a48000000-7f2a48b0b000 rw-p 00000000 00:00 0 
7f2a48b0b000-7f2a4c000000 ---p 00000000 00:00 0 
7f2a4c000000-7f2a4c021000 rw-p 00000000 00:00 0 
7f2a4c021000-7f2a50000000 ---p 00000000 00:00 0 
7f2a50000000-7f2a50021000 rw-p 00000000 00:00 0 
7f2a50021000-7f2a54000000 ---p 00000000 00:00 0 
7f2a54000000-7f2a54021000 rw-p 00000000 00:00 0 
7f2a54021000-7f2a58000000 ---p 00000000 00:00 0 
7f2a58000000-7f2a5828b000 rw-p 00000000 00:00 0 
7f2a5828b000-7f2a5c000000 ---p 00000000 00:00 0 
7f2a5c000000-7f2a5c021000 rw-p 00000000 00:00 0 
7f2a5c021000-7f2a60000000 ---p 00000000 00:00 0 
7f2a64000000-7f2a64021000 rw-p 00000000 00:00 0 
7f2a64021000-7f2a68000000 ---p 00000000 00:00 0 
7f2a68106000-7f2a68109000 ---p 00000000 00:00 0 
7f2a68109000-7f2a68207000 rw-p 00000000 00:00 0                          [stack:16941]
7f2a68207000-7f2a6820a000 ---p 00000000 00:00 0 
7f2a6820a000-7f2a68308000 rw-p 00000000 00:00 0                          [stack:16940]
7f2a68308000-7f2a6830b000 ---p 00000000 00:00 0 
7f2a6830b000-7f2a68409000 rw-p 00000000 00:00 0                          [stack:16936]
7f2a68409000-7f2a6840c000 ---p 00000000 00:00 0 
7f2a6840c000-7f2a6850a000 rw-p 00000000 00:00 0                          [stack:16927]
7f2a6850a000-7f2a6850d000 ---p 00000000 00:00 0 
7f2a6850d000-7f2a6860b000 rw-p 00000000 00:00 0                          [stack:16926]
7f2a6860b000-7f2a6860c000 ---p 00000000 00:00 0 
7f2a6860c000-7f2a6870c000 rw-p 00000000 00:00 0                          [stack:16917]
7f2a6870c000-7f2a6870f000 ---p 00000000 00:00 0 
7f2a6870f000-7f2a6880d000 rw-p 00000000 00:00 0                          [stack:16913]
7f2a6880d000-7f2a68810000 ---p 00000000 00:00 0 
7f2a68810000-7f2a6890e000 rw-p 00000000 00:00 0                          [stack:16912]
7f2a6890e000-7f2a68911000 ---p 00000000 00:00 0 
7f2a68911000-7f2a68a0f000 rw-p 00000000 00:00 0                          [stack:16910]
7f2a68a0f000-7f2a68a12000 ---p 00000000 00:00 0 
7f2a68a12000-7f2a68b10000 rw-p 00000000 00:00 0                          [stack:16909]
7f2a68b10000-7f2a68b13000 ---p 00000000 00:00 0 
7f2a68b13000-7f2a68c11000 rw-p 00000000 00:00 0                          [stack:16902]
7f2a68c11000-7f2a692f3000 r--p 00000000 08:01 4987932                    /usr/lib/locale/locale-archive
7f2a692f3000-7f2a692f6000 ---p 00000000 00:00 0 
7f2a692f6000-7f2a693f4000 rw-p 00000000 00:00 0                          [stack:16897]
7f2a693f4000-7f2a693f7000 ---p 00000000 00:00 0 
7f2a693f7000-7f2a694f5000 rw-p 00000000 00:00 0                          [stack:16896]
7f2a694f5000-7f2a694f6000 ---p 00000000 00:00 0 
7f2a694f6000-7f2a6c000000 rw-p 00000000 00:00 0                          [stack:16895]
7f2a6c000000-7f2a6c021000 rw-p 00000000 00:00 0 
7f2a6c021000-7f2a70000000 ---p 00000000 00:00 0 
7f2a7003b000-7f2a7004a000 r--s 000df000 08:01 5775962                    /home/john/Android/Sdk/build-tools/23.0.0/lib/dx.jar
7f2a7004a000-7f2a705b2000 rw-p 00000000 00:00 0 
7f2a705b2000-7f2a7078a000 r--s 03d20000 08:01 5123998                    /usr/lib/jvm/jdk/jdk1.8.0_65/jre/lib/rt.jar
7f2a7078a000-7f2a70e80000 rw-p 00000000 00:00 0 
7f2a70e80000-7f2a71000000 ---p 00000000 00:00 0 
7f2a71000000-7f2a716c0000 rwxp 00000000 00:00 0 
7f2a716c0000-7f2a80000000 ---p 00000000 00:00 0 
7f2a80000000-7f2a803ab000 rw-p 00000000 00:00 0 
7f2a803ab000-7f2a84000000 ---p 00000000 00:00 0 
7f2a84001000-7f2a84250000 rw-p 00000000 00:00 0 
7f2a84250000-7f2a84251000 ---p 00000000 00:00 0 
7f2a84251000-7f2a84351000 rw-p 00000000 00:00 0                          [stack:16885]
7f2a84351000-7f2a84352000 ---p 00000000 00:00 0 
7f2a84352000-7f2a84452000 rw-p 00000000 00:00 0                          [stack:16882]
7f2a84452000-7f2a84453000 ---p 00000000 00:00 0 
7f2a84453000-7f2a84553000 rw-p 00000000 00:00 0                          [stack:16880]
7f2a84553000-7f2a84554000 ---p 00000000 00:00 0 
7f2a84554000-7f2a8467e000 rw-p 00000000 00:00 0                          [stack:16875]
7f2a8467e000-7f2a847aa000 ---p 00000000 00:00 0 
7f2a847aa000-7f2a847d4000 rw-p 00000000 00:00 0 
7f2a847d4000-7f2a848ff000 ---p 00000000 00:00 0 
7f2a848ff000-7f2a84943000 rw-p 00000000 00:00 0 
7f2a84943000-7f2a849aa000 ---p 00000000 00:00 0 
7f2a849aa000-7f2a849c6000 rw-p 00000000 00:00 0 
7f2a849c6000-7f2a84d6b000 ---p 00000000 00:00 0 
7f2a84d6b000-7f2a84d85000 r-xp 00000000 08:01 5123948                    /usr/lib/jvm/jdk/jdk1.8.0_65/jre/lib/amd64/libzip.so
7f2a84d85000-7f2a84f85000 ---p 0001a000 08:01 5123948                    /usr/lib/jvm/jdk/jdk1.8.0_65/jre/lib/amd64/libzip.so
7f2a84f85000-7f2a84f86000 rw-p 0001a000 08:01 5123948                    /usr/lib/jvm/jdk/jdk1.8.0_65/jre/lib/amd64/libzip.so
7f2a84f86000-7f2a84f91000 r-xp 00000000 08:01 399570                     /lib/x86_64-linux-gnu/libnss_files-2.19.so
7f2a84f91000-7f2a85190000 ---p 0000b000 08:01 399570                     /lib/x86_64-linux-gnu/libnss_files-2.19.so
7f2a85190000-7f2a85191000 r--p 0000a000 08:01 399570                     /lib/x86_64-linux-gnu/libnss_files-2.19.so
7f2a85191000-7f2a85192000 rw-p 0000b000 08:01 399570                     /lib/x86_64-linux-gnu/libnss_files-2.19.so
7f2a85192000-7f2a8519d000 r-xp 00000000 08:01 399562                     /lib/x86_64-linux-gnu/libnss_nis-2.19.so
7f2a8519d000-7f2a8539c000 ---p 0000b000 08:01 399562                     /lib/x86_64-linux-gnu/libnss_nis-2.19.so
7f2a8539c000-7f2a8539d000 r--p 0000a000 08:01 399562                     /lib/x86_64-linux-gnu/libnss_nis-2.19.so
7f2a8539d000-7f2a8539e000 rw-p 0000b000 08:01 399562                     /lib/x86_64-linux-gnu/libnss_nis-2.19.so
7f2a8539e000-7f2a853b5000 r-xp 00000000 08:01 399558                     /lib/x86_64-linux-gnu/libnsl-2.19.so
7f2a853b5000-7f2a855b4000 ---p 00017000 08:01 399558                     /lib/x86_64-linux-gnu/libnsl-2.19.so
7f2a855b4000-7f2a855b5000 r--p 00016000 08:01 399558                     /lib/x86_64-linux-gnu/libnsl-2.19.so
7f2a855b5000-7f2a855b6000 rw-p 00017000 08:01 399558                     /lib/x86_64-linux-gnu/libnsl-2.19.so
7f2a855b6000-7f2a855b8000 rw-p 00000000 00:00 0 
7f2a855b8000-7f2a855c1000 r-xp 00000000 08:01 399557                     /lib/x86_64-linux-gnu/libnss_compat-2.19.so
7f2a855c1000-7f2a857c0000 ---p 00009000 08:01 399557                     /lib/x86_64-linux-gnu/libnss_compat-2.19.so
7f2a857c0000-7f2a857c1000 r--p 00008000 08:01 399557                     /lib/x86_64-linux-gnu/libnss_compat-2.19.so
7f2a857c1000-7f2a857c2000 rw-p 00009000 08:01 399557                     /lib/x86_64-linux-gnu/libnss_compat-2.19.so
7f2a857c2000-7f2a857ec000 r-xp 00000000 08:01 5123926                    /usr/lib/jvm/jdk/jdk1.8.0_65/jre/lib/amd64/libjava.so
7f2a857ec000-7f2a859ec000 ---p 0002a000 08:01 5123926                    /usr/lib/jvm/jdk/jdk1.8.0_65/jre/lib/amd64/libjava.so
7f2a859ec000-7f2a859ee000 rw-p 0002a000 08:01 5123926                    /usr/lib/jvm/jdk/jdk1.8.0_65/jre/lib/amd64/libjava.so
7f2a859ee000-7f2a859fb000 r-xp 00000000 08:01 5123942                    /usr/lib/jvm/jdk/jdk1.8.0_65/jre/lib/amd64/libverify.so
7f2a859fb000-7f2a85bfb000 ---p 0000d000 08:01 5123942                    /usr/lib/jvm/jdk/jdk1.8.0_65/jre/lib/amd64/libverify.so
7f2a85bfb000-7f2a85bfd000 rw-p 0000d000 08:01 5123942                    /usr/lib/jvm/jdk/jdk1.8.0_65/jre/lib/amd64/libverify.so
7f2a85bfd000-7f2a85c04000 r-xp 00000000 08:01 399566                     /lib/x86_64-linux-gnu/librt-2.19.so
7f2a85c04000-7f2a85e03000 ---p 00007000 08:01 399566                     /lib/x86_64-linux-gnu/librt-2.19.so
7f2a85e03000-7f2a85e04000 r--p 00006000 08:01 399566                     /lib/x86_64-linux-gnu/librt-2.19.so
7f2a85e04000-7f2a85e05000 rw-p 00007000 08:01 399566                     /lib/x86_64-linux-gnu/librt-2.19.so
7f2a85e05000-7f2a85f0a000 r-xp 00000000 08:01 399552                     /lib/x86_64-linux-gnu/libm-2.19.so
7f2a85f0a000-7f2a86109000 ---p 00105000 08:01 399552                     /lib/x86_64-linux-gnu/libm-2.19.so
7f2a86109000-7f2a8610a000 r--p 00104000 08:01 399552                     /lib/x86_64-linux-gnu/libm-2.19.so
7f2a8610a000-7f2a8610b000 rw-p 00105000 08:01 399552                     /lib/x86_64-linux-gnu/libm-2.19.so
7f2a8610b000-7f2a86dc9000 r-xp 00000000 08:01 5123964                    /usr/lib/jvm/jdk/jdk1.8.0_65/jre/lib/amd64/server/libjvm.so
7f2a86dc9000-7f2a86fc8000 ---p 00cbe000 08:01 5123964                    /usr/lib/jvm/jdk/jdk1.8.0_65/jre/lib/amd64/server/libjvm.so
7f2a86fc8000-7f2a870a0000 rw-p 00cbd000 08:01 5123964                    /usr/lib/jvm/jdk/jdk1.8.0_65/jre/lib/amd64/server/libjvm.so
7f2a870a0000-7f2a870e5000 rw-p 00000000 00:00 0 
7f2a870e5000-7f2a872a0000 r-xp 00000000 08:01 399567                     /lib/x86_64-linux-gnu/libc-2.19.so
7f2a872a0000-7f2a8749f000 ---p 001bb000 08:01 399567                     /lib/x86_64-linux-gnu/libc-2.19.so
7f2a8749f000-7f2a874a3000 r--p 001ba000 08:01 399567                     /lib/x86_64-linux-gnu/libc-2.19.so
7f2a874a3000-7f2a874a5000 rw-p 001be000 08:01 399567                     /lib/x86_64-linux-gnu/libc-2.19.so
7f2a874a5000-7f2a874aa000 rw-p 00000000 00:00 0 
7f2a874aa000-7f2a874ad000 r-xp 00000000 08:01 399554                     /lib/x86_64-linux-gnu/libdl-2.19.so
7f2a874ad000-7f2a876ac000 ---p 00003000 08:01 399554                     /lib/x86_64-linux-gnu/libdl-2.19.so
7f2a876ac000-7f2a876ad000 r--p 00002000 08:01 399554                     /lib/x86_64-linux-gnu/libdl-2.19.so
7f2a876ad000-7f2a876ae000 rw-p 00003000 08:01 399554                     /lib/x86_64-linux-gnu/libdl-2.19.so
7f2a876ae000-7f2a876c3000 r-xp 00000000 08:01 5123009                    /usr/lib/jvm/jdk/jdk1.8.0_65/lib/amd64/jli/libjli.so
7f2a876c3000-7f2a878c3000 ---p 00015000 08:01 5123009                    /usr/lib/jvm/jdk/jdk1.8.0_65/lib/amd64/jli/libjli.so
7f2a878c3000-7f2a878c4000 rw-p 00015000 08:01 5123009                    /usr/lib/jvm/jdk/jdk1.8.0_65/lib/amd64/jli/libjli.so
7f2a878c4000-7f2a878dd000 r-xp 00000000 08:01 399559                     /lib/x86_64-linux-gnu/libpthread-2.19.so
7f2a878dd000-7f2a87adc000 ---p 00019000 08:01 399559                     /lib/x86_64-linux-gnu/libpthread-2.19.so
7f2a87adc000-7f2a87add000 r--p 00018000 08:01 399559                     /lib/x86_64-linux-gnu/libpthread-2.19.so
7f2a87add000-7f2a87ade000 rw-p 00019000 08:01 399559                     /lib/x86_64-linux-gnu/libpthread-2.19.so
7f2a87ade000-7f2a87ae2000 rw-p 00000000 00:00 0 
7f2a87ae2000-7f2a87b05000 r-xp 00000000 08:01 399560                     /lib/x86_64-linux-gnu/ld-2.19.so
7f2a87b0c000-7f2a87be5000 rw-p 00000000 00:00 0 
7f2a87be5000-7f2a87be8000 ---p 00000000 00:00 0 
7f2a87be8000-7f2a87cea000 rw-p 00000000 00:00 0                          [stack:16874]
7f2a87cf7000-7f2a87cf8000 rw-p 00000000 00:00 0 
7f2a87cf8000-7f2a87d00000 rw-s 00000000 08:01 1970825                    /tmp/hsperfdata_john/16869
7f2a87d00000-7f2a87d01000 rw-p 00000000 00:00 0 
7f2a87d01000-7f2a87d02000 ---p 00000000 00:00 0 
7f2a87d02000-7f2a87d04000 rw-p 00000000 00:00 0 
7f2a87d04000-7f2a87d05000 r--p 00022000 08:01 399560                     /lib/x86_64-linux-gnu/ld-2.19.so
7f2a87d05000-7f2a87d06000 rw-p 00023000 08:01 399560                     /lib/x86_64-linux-gnu/ld-2.19.so
7f2a87d06000-7f2a87d07000 rw-p 00000000 00:00 0 
7ffc0aac0000-7ffc0aae1000 rw-p 00000000 00:00 0                          [stack]
7ffc0ab7a000-7ffc0ab7c000 r--p 00000000 00:00 0                          [vvar]
7ffc0ab7c000-7ffc0ab7e000 r-xp 00000000 00:00 0                          [vdso]
ffffffffff600000-ffffffffff601000 r-xp 00000000 00:00 0                  [vsyscall]

VM Arguments:
jvm_args: -Djava.awt.headless=true -Xmx1024M -Dfile.encoding=UTF-8 -Duser.country=IE -Duser.language=en -Duser.variant 
java_command: com.android.dx.command.Main --dex --num-threads=4 --output /home/john/Dropbox/term_7/semester_2/project/development/service_manager_mobile/app/build/intermediates/pre-dexed/debug/com.android.support-appcompat-v7-23.1.0_d2cc766a76771684010ac07430af5c7f97706041.jar /home/john/Dropbox/term_7/semester_2/project/development/service_manager_mobile/app/build/intermediates/exploded-aar/com.android.support/appcompat-v7/23.1.0/jars/classes.jar
java_class_path (initial): /home/john/Android/Sdk/build-tools/23.0.0/lib/dx.jar
Launcher Type: SUN_STANDARD

Environment Variables:
PATH=/home/john/.rvm/gems/ruby-2.2.2/bin:/home/john/.rvm/gems/ruby-2.2.2@global/bin:/home/john/.rvm/rubies/ruby-2.2.2/bin:/usr/local/sbin:/usr/local/bin:/usr/sbin:/usr/bin:/sbin:/bin:/usr/games:/usr/local/games:/home/john/.rvm/bin
SHELL=/bin/bash
DISPLAY=:0

Signal Handlers:
SIGSEGV: [libjvm.so+0xaba070], sa_mask[0]=11111111011111111101111111111110, sa_flags=SA_RESTART|SA_SIGINFO
SIGBUS: [libjvm.so+0xaba070], sa_mask[0]=11111111011111111101111111111110, sa_flags=SA_RESTART|SA_SIGINFO
SIGFPE: [libjvm.so+0x917630], sa_mask[0]=11111111011111111101111111111110, sa_flags=SA_RESTART|SA_SIGINFO
SIGPIPE: [libjvm.so+0x917630], sa_mask[0]=11111111011111111101111111111110, sa_flags=SA_RESTART|SA_SIGINFO
SIGXFSZ: [libjvm.so+0x917630], sa_mask[0]=11111111011111111101111111111110, sa_flags=SA_RESTART|SA_SIGINFO
SIGILL: [libjvm.so+0x917630], sa_mask[0]=11111111011111111101111111111110, sa_flags=SA_RESTART|SA_SIGINFO
SIGUSR1: SIG_DFL, sa_mask[0]=00000000000000000000000000000000, sa_flags=none
SIGUSR2: [libjvm.so+0x918c60], sa_mask[0]=00100000000000000000000000000000, sa_flags=SA_RESTART|SA_SIGINFO
SIGHUP: [libjvm.so+0x91a060], sa_mask[0]=11111111011111111101111111111110, sa_flags=SA_RESTART|SA_SIGINFO
SIGINT: [libjvm.so+0x91a060], sa_mask[0]=11111111011111111101111111111110, sa_flags=SA_RESTART|SA_SIGINFO
SIGTERM: [libjvm.so+0x91a060], sa_mask[0]=11111111011111111101111111111110, sa_flags=SA_RESTART|SA_SIGINFO
SIGQUIT: [libjvm.so+0x91a060], sa_mask[0]=11111111011111111101111111111110, sa_flags=SA_RESTART|SA_SIGINFO


---------------  S Y S T E M  ---------------

OS:DISTRIB_ID=Ubuntu
DISTRIB_RELEASE=14.04
DISTRIB_CODENAME=trusty
DISTRIB_DESCRIPTION="Ubuntu 14.04.4 LTS"

uname:Linux 3.19.0-51-generic #58~14.04.1-Ubuntu SMP Fri Feb 26 22:02:58 UTC 2016 x86_64
libc:glibc 2.19 NPTL 2.19 
rlimit: STACK 8192k, CORE 0k, NPROC 31297, NOFILE 4096, AS infinity
load average:41.53 12.39 4.61

/proc/meminfo:
MemTotal:        8033604 kB
MemFree:          145772 kB
MemAvailable:     130824 kB
Buffers:            2856 kB
Cached:           183228 kB
SwapCached:            0 kB
Active:          7364884 kB
Inactive:         145072 kB
Active(anon):    7327860 kB
Inactive(anon):   109580 kB
Active(file):      37024 kB
Inactive(file):    35492 kB
Unevictable:         184 kB
Mlocked:             184 kB
SwapTotal:             0 kB
SwapFree:              0 kB
Dirty:               824 kB
Writeback:           256 kB
AnonPages:       7324628 kB
Mapped:           159416 kB
Shmem:            113056 kB
Slab:             110852 kB
SReclaimable:      66516 kB
SUnreclaim:        44336 kB
KernelStack:       16016 kB
PageTables:        61636 kB
NFS_Unstable:          0 kB
Bounce:                0 kB
WritebackTmp:          0 kB
CommitLimit:     4016800 kB
Committed_AS:   13583972 kB
VmallocTotal:   34359738367 kB
VmallocUsed:      298920 kB
VmallocChunk:   34359430120 kB
HardwareCorrupted:     0 kB
AnonHugePages:   4313088 kB
CmaTotal:              0 kB
CmaFree:               0 kB
HugePages_Total:       0
HugePages_Free:        0
HugePages_Rsvd:        0
HugePages_Surp:        0
Hugepagesize:       2048 kB
DirectMap4k:      381892 kB
DirectMap2M:     7864320 kB


CPU:total 4 (2 cores per cpu, 2 threads per core) family 6 model 37 stepping 5, cmov, cx8, fxsr, mmx, sse, sse2, sse3, ssse3, sse4.1, sse4.2, popcnt, aes, clmul, ht, tsc, tscinvbit

/proc/cpuinfo:
processor	: 0
vendor_id	: GenuineIntel
cpu family	: 6
model		: 37
model name	: Intel(R) Core(TM) i7 CPU       M 620  @ 2.67GHz
stepping	: 5
microcode	: 0x1
cpu MHz		: 2667.000
cache size	: 4096 KB
physical id	: 0
siblings	: 4
core id		: 0
cpu cores	: 2
apicid		: 0
initial apicid	: 0
fpu		: yes
fpu_exception	: yes
cpuid level	: 11
wp		: yes
flags		: fpu vme de pse tsc msr pae mce cx8 apic sep mtrr pge mca cmov pat pse36 clflush dts acpi mmx fxsr sse sse2 ss ht tm pbe syscall nx rdtscp lm constant_tsc arch_perfmon pebs bts rep_good nopl xtopology nonstop_tsc aperfmperf pni pclmulqdq dtes64 monitor ds_cpl vmx smx est tm2 ssse3 cx16 xtpr pdcm pcid sse4_1 sse4_2 popcnt aes lahf_lm ida arat dtherm tpr_shadow vnmi flexpriority ept vpid
bugs		:
bogomips	: 5319.59
clflush size	: 64
cache_alignment	: 64
address sizes	: 36 bits physical, 48 bits virtual
power management:

processor	: 1
vendor_id	: GenuineIntel
cpu family	: 6
model		: 37
model name	: Intel(R) Core(TM) i7 CPU       M 620  @ 2.67GHz
stepping	: 5
microcode	: 0x1
cpu MHz		: 2667.000
cache size	: 4096 KB
physical id	: 0
siblings	: 4
core id		: 2
cpu cores	: 2
apicid		: 4
initial apicid	: 4
fpu		: yes
fpu_exception	: yes
cpuid level	: 11
wp		: yes
flags		: fpu vme de pse tsc msr pae mce cx8 apic sep mtrr pge mca cmov pat pse36 clflush dts acpi mmx fxsr sse sse2 ss ht tm pbe syscall nx rdtscp lm constant_tsc arch_perfmon pebs bts rep_good nopl xtopology nonstop_tsc aperfmperf pni pclmulqdq dtes64 monitor ds_cpl vmx smx est tm2 ssse3 cx16 xtpr pdcm pcid sse4_1 sse4_2 popcnt aes lahf_lm ida arat dtherm tpr_shadow vnmi flexpriority ept vpid
bugs		:
bogomips	: 5319.59
clflush size	: 64
cache_alignment	: 64
address sizes	: 36 bits physical, 48 bits virtual
power management:

processor	: 2
vendor_id	: GenuineIntel
cpu family	: 6
model		: 37
model name	: Intel(R) Core(TM) i7 CPU       M 620  @ 2.67GHz
stepping	: 5
microcode	: 0x1
cpu MHz		: 2667.000
cache size	: 4096 KB
physical id	: 0
siblings	: 4
core id		: 0
cpu cores	: 2
apicid		: 1
initial apicid	: 1
fpu		: yes
fpu_exception	: yes
cpuid level	: 11
wp		: yes
flags		: fpu vme de pse tsc msr pae mce cx8 apic sep mtrr pge mca cmov pat pse36 clflush dts acpi mmx fxsr sse sse2 ss ht tm pbe syscall nx rdtscp lm constant_tsc arch_perfmon pebs bts rep_good nopl xtopology nonstop_tsc aperfmperf pni pclmulqdq dtes64 monitor ds_cpl vmx smx est tm2 ssse3 cx16 xtpr pdcm pcid sse4_1 sse4_2 popcnt aes lahf_lm ida arat dtherm tpr_shadow vnmi flexpriority ept vpid
bugs		:
bogomips	: 5319.59
clflush size	: 64
cache_alignment	: 64
address sizes	: 36 bits physical, 48 bits virtual
power management:

processor	: 3
vendor_id	: GenuineIntel
cpu family	: 6
model		: 37
model name	: Intel(R) Core(TM) i7 CPU       M 620  @ 2.67GHz
stepping	: 5
microcode	: 0x1
cpu MHz		: 2667.000
cache size	: 4096 KB
physical id	: 0
siblings	: 4
core id		: 2
cpu cores	: 2
apicid		: 5
initial apicid	: 5
fpu		: yes
fpu_exception	: yes
cpuid level	: 11
wp		: yes
flags		: fpu vme de pse tsc msr pae mce cx8 apic sep mtrr pge mca cmov pat pse36 clflush dts acpi mmx fxsr sse sse2 ss ht tm pbe syscall nx rdtscp lm constant_tsc arch_perfmon pebs bts rep_good nopl xtopology nonstop_tsc aperfmperf pni pclmulqdq dtes64 monitor ds_cpl vmx smx est tm2 ssse3 cx16 xtpr pdcm pcid sse4_1 sse4_2 popcnt aes lahf_lm ida arat dtherm tpr_shadow vnmi flexpriority ept vpid
bugs		:
bogomips	: 5319.59
clflush size	: 64
cache_alignment	: 64
address sizes	: 36 bits physical, 48 bits virtual
power management:



Memory: 4k page, physical 8033604k(145772k free), swap 0k(0k free)

vm_info: Java HotSpot(TM) 64-Bit Server VM (25.65-b01) for linux-amd64 JRE (1.8.0_65-b17), built on Oct  6 2015 17:16:12 by "java_re" with gcc 4.3.0 20080428 (Red Hat 4.3.0-8)

time: Wed Mar 23 13:47:58 2016
elapsed time: 62 seconds (0d 0h 1m 2s)

