#
# There is insufficient memory for the Java Runtime Environment to continue.
# Native memory allocation (mmap) failed to map 65011712 bytes for committing reserved memory.
# Possible reasons:
#   The system is out of physical RAM or swap space
#   In 32 bit mode, the process size limit was hit
# Possible solutions:
#   Reduce memory load on the system
#   Increase physical memory or swap space
#   Check if swap backing store is full
#   Use 64 bit Java on a 64 bit OS
#   Decrease Java heap size (-Xmx/-Xms)
#   Decrease number of Java threads
#   Decrease Java thread stack sizes (-Xss)
#   Set larger code cache with -XX:ReservedCodeCacheSize=
# This output file may be truncated or incomplete.
#
#  Out of Memory Error (os_linux.cpp:2627), pid=16854, tid=139745085236992
#
# JRE version: Java(TM) SE Runtime Environment (8.0_65-b17) (build 1.8.0_65-b17)
# Java VM: Java HotSpot(TM) 64-Bit Server VM (25.65-b01 mixed mode linux-amd64 compressed oops)
# Failed to write core dump. Core dumps have been disabled. To enable core dumping, try "ulimit -c unlimited" before starting Java again
#

---------------  T H R E A D  ---------------

Current thread (0x00007f1904078000):  VMThread [stack: 0x00007f18f01a2000,0x00007f18f02a3000] [id=16886]

Stack: [0x00007f18f01a2000,0x00007f18f02a3000],  sp=0x00007f18f02a11e0,  free space=1020k
Native frames: (J=compiled Java code, j=interpreted, Vv=VM code, C=native code)
V  [libjvm.so+0xab97ea]  VMError::report_and_die()+0x2ba
V  [libjvm.so+0x4f9dcb]  report_vm_out_of_memory(char const*, int, unsigned long, VMErrorType, char const*)+0x8b
V  [libjvm.so+0x91a7c3]  os::Linux::commit_memory_impl(char*, unsigned long, bool)+0x103
V  [libjvm.so+0x91ad19]  os::pd_commit_memory(char*, unsigned long, unsigned long, bool)+0x29
V  [libjvm.so+0x91502a]  os::commit_memory(char*, unsigned long, unsigned long, bool)+0x2a
V  [libjvm.so+0x9886d3]  PSVirtualSpace::expand_by(unsigned long)+0x53
V  [libjvm.so+0x989ad8]  PSYoungGen::resize_generation(unsigned long, unsigned long)+0xf8
V  [libjvm.so+0x988c32]  PSYoungGen::resize(unsigned long, unsigned long)+0x22
V  [libjvm.so+0x985f0b]  PSScavenge::invoke_no_policy()+0xf3b
V  [libjvm.so+0x986691]  PSScavenge::invoke()+0x41
V  [libjvm.so+0x93e430]  ParallelScavengeHeap::failed_mem_allocate(unsigned long)+0x70
V  [libjvm.so+0xabb207]  VM_ParallelGCFailedAllocation::doit()+0x97
V  [libjvm.so+0xac2c35]  VM_Operation::evaluate()+0x55
V  [libjvm.so+0xac100a]  VMThread::evaluate_operation(VM_Operation*)+0xba
V  [libjvm.so+0xac138e]  VMThread::loop()+0x1ce
V  [libjvm.so+0xac1800]  VMThread::run()+0x70
V  [libjvm.so+0x91cb88]  java_start(Thread*)+0x108

VM_Operation (0x00007f18eb012e30): ParallelGCFailedAllocation, mode: safepoint, requested by thread 0x00007f190415b800


---------------  P R O C E S S  ---------------

Java Threads: ( => current thread )
  0x00007f1904160800 JavaThread "pool-1-thread-4" [_thread_blocked, id=16939, stack(0x00007f18ead12000,0x00007f18eae13000)]
  0x00007f190415e800 JavaThread "pool-1-thread-3" [_thread_blocked, id=16938, stack(0x00007f18eae13000,0x00007f18eaf14000)]
  0x00007f190415b800 JavaThread "pool-1-thread-2" [_thread_blocked, id=16935, stack(0x00007f18eaf14000,0x00007f18eb015000)]
  0x00007f1904150800 JavaThread "pool-2-thread-1" [_thread_blocked, id=16934, stack(0x00007f18eb015000,0x00007f18eb116000)]
  0x00007f1904149000 JavaThread "pool-1-thread-1" [_thread_blocked, id=16930, stack(0x00007f18eb116000,0x00007f18eb217000)]
  0x00007f19040c0000 JavaThread "Service Thread" daemon [_thread_blocked, id=16920, stack(0x00007f18eb318000,0x00007f18eb419000)]
  0x00007f19040bb800 JavaThread "C1 CompilerThread2" daemon [_thread_blocked, id=16919, stack(0x00007f18eb419000,0x00007f18eb51a000)]
  0x00007f19040b9800 JavaThread "C2 CompilerThread1" daemon [_thread_blocked, id=16911, stack(0x00007f18eb51a000,0x00007f18eb61b000)]
  0x00007f19040b7000 JavaThread "C2 CompilerThread0" daemon [_thread_blocked, id=16907, stack(0x00007f18eb61b000,0x00007f18eb71c000)]
  0x00007f19040b5800 JavaThread "Signal Dispatcher" daemon [_thread_blocked, id=16903, stack(0x00007f18eb71c000,0x00007f18eb81d000)]
  0x00007f190407f000 JavaThread "Finalizer" daemon [_thread_blocked, id=16889, stack(0x00007f18ebeff000,0x00007f18ec000000)]
  0x00007f190407d000 JavaThread "Reference Handler" daemon [_thread_blocked, id=16887, stack(0x00007f18f00a1000,0x00007f18f01a2000)]
  0x00007f190400a000 JavaThread "main" [_thread_blocked, id=16859, stack(0x00007f190a854000,0x00007f190a955000)]

Other Threads:
=>0x00007f1904078000 VMThread [stack: 0x00007f18f01a2000,0x00007f18f02a3000] [id=16886]
  0x00007f19040c3000 WatcherThread [stack: 0x00007f18eb217000,0x00007f18eb318000] [id=16921]

VM state:at safepoint (normal execution)

VM Mutex/Monitor currently owned by a thread:  ([mutex/lock_event])
[0x00007f1904006590] Threads_lock - owner thread: 0x00007f1904078000
[0x00007f1904006a90] Heap_lock - owner thread: 0x00007f190415b800

Heap:
 PSYoungGen      total 68608K, used 5109K [0x00000000eab00000, 0x00000000ef300000, 0x0000000100000000)
  eden space 63488K, 0% used [0x00000000eab00000,0x00000000eab00000,0x00000000ee900000)
  from space 5120K, 99% used [0x00000000ee900000,0x00000000eedfd6f8,0x00000000eee00000)
  to   space 5120K, 0% used [0x00000000eee00000,0x00000000eee00000,0x00000000ef300000)
 ParOldGen       total 84992K, used 14364K [0x00000000c0000000, 0x00000000c5300000, 0x00000000eab00000)
  object space 84992K, 16% used [0x00000000c0000000,0x00000000c0e07290,0x00000000c5300000)
 Metaspace       used 5871K, capacity 6898K, committed 7040K, reserved 1056768K
  class space    used 603K, capacity 618K, committed 640K, reserved 1048576K

Card table byte_map: [0x00007f18f440c000,0x00007f18f460d000] byte_map_base: 0x00007f18f3e0c000

Marking Bits: (ParMarkBitMap*) 0x00007f1909d28de0
 Begin Bits: [0x00007f18f1eb2000, 0x00007f18f2eb2000)
 End Bits:   [0x00007f18f2eb2000, 0x00007f18f3eb2000)

Polling page: 0x00007f190a970000

CodeCache: size=245760Kb used=4346Kb max_used=4346Kb free=241413Kb
 bounds [0x00007f18f49cd000, 0x00007f18f4e1d000, 0x00007f19039cd000]
 total_blobs=1414 nmethods=1147 adapters=182
 compilation: enabled

Compilation events (10 events):
Event: 5.716 Thread 0x00007f19040bb800 nmethod 1400% 0x00007f18f4dfd1d0 code [0x00007f18f4dfd3e0, 0x00007f18f4dfdf48]
Event: 5.716 Thread 0x00007f19040bb800 1384 %     3       java.util.ArrayList::clear @ 12 (39 bytes)
Event: 5.720 Thread 0x00007f19040bb800 nmethod 1384% 0x00007f18f4db6650 code [0x00007f18f4db67e0, 0x00007f18f4db6b90]
Event: 5.720 Thread 0x00007f19040bb800 1388 %     3       com.android.dx.ssa.back.IdenticalBlockCombiner::process @ 253 (323 bytes)
Event: 5.733 Thread 0x00007f19040b7000 nmethod 907 0x00007f18f4dfe5d0 code [0x00007f18f4dfeb80, 0x00007f18f4e032e8]
Event: 5.747 Thread 0x00007f19040b7000 1350       4       java.util.HashMap::get (23 bytes)
Event: 5.773 Thread 0x00007f19040bb800 nmethod 1388% 0x00007f18f4df5a90 code [0x00007f18f4df5e40, 0x00007f18f4df8338]
Event: 5.787 Thread 0x00007f19040bb800 1403 %     3       com.android.dx.ssa.SsaConverter::placePhiFunctions @ 103 (394 bytes)
Event: 5.861 Thread 0x00007f19040bb800 nmethod 1403% 0x00007f18f4e0ad10 code [0x00007f18f4e0b2c0, 0x00007f18f4e0e9a8]
Event: 5.861 Thread 0x00007f19040bb800 1414 %     3       com.android.dx.ssa.Dominators::run @ 89 (506 bytes)

GC Heap History (5 events):
Event: 3.196 GC heap before
{Heap before GC invocations=1 (full 0):
 PSYoungGen      total 36864K, used 31744K [0x00000000eab00000, 0x00000000ed400000, 0x0000000100000000)
  eden space 31744K, 100% used [0x00000000eab00000,0x00000000eca00000,0x00000000eca00000)
  from space 5120K, 0% used [0x00000000ecf00000,0x00000000ecf00000,0x00000000ed400000)
  to   space 5120K, 0% used [0x00000000eca00000,0x00000000eca00000,0x00000000ecf00000)
 ParOldGen       total 84992K, used 0K [0x00000000c0000000, 0x00000000c5300000, 0x00000000eab00000)
  object space 84992K, 0% used [0x00000000c0000000,0x00000000c0000000,0x00000000c5300000)
 Metaspace       used 5639K, capacity 6768K, committed 7040K, reserved 1056768K
  class space    used 583K, capacity 616K, committed 640K, reserved 1048576K
Event: 3.267 GC heap after
Heap after GC invocations=1 (full 0):
 PSYoungGen      total 36864K, used 5092K [0x00000000eab00000, 0x00000000ef300000, 0x0000000100000000)
  eden space 31744K, 0% used [0x00000000eab00000,0x00000000eab00000,0x00000000eca00000)
  from space 5120K, 99% used [0x00000000eca00000,0x00000000ecef91f8,0x00000000ecf00000)
  to   space 5120K, 0% used [0x00000000eee00000,0x00000000eee00000,0x00000000ef300000)
 ParOldGen       total 84992K, used 1189K [0x00000000c0000000, 0x00000000c5300000, 0x00000000eab00000)
  object space 84992K, 1% used [0x00000000c0000000,0x00000000c0129750,0x00000000c5300000)
 Metaspace       used 5639K, capacity 6768K, committed 7040K, reserved 1056768K
  class space    used 583K, capacity 616K, committed 640K, reserved 1048576K
}
Event: 4.376 GC heap before
{Heap before GC invocations=2 (full 0):
 PSYoungGen      total 36864K, used 36836K [0x00000000eab00000, 0x00000000ef300000, 0x0000000100000000)
  eden space 31744K, 100% used [0x00000000eab00000,0x00000000eca00000,0x00000000eca00000)
  from space 5120K, 99% used [0x00000000eca00000,0x00000000ecef91f8,0x00000000ecf00000)
  to   space 5120K, 0% used [0x00000000eee00000,0x00000000eee00000,0x00000000ef300000)
 ParOldGen       total 84992K, used 1189K [0x00000000c0000000, 0x00000000c5300000, 0x00000000eab00000)
  object space 84992K, 1% used [0x00000000c0000000,0x00000000c0129750,0x00000000c5300000)
 Metaspace       used 5732K, capacity 6832K, committed 7040K, reserved 1056768K
  class space    used 588K, capacity 616K, committed 640K, reserved 1048576K
Event: 4.506 GC heap after
Heap after GC invocations=2 (full 0):
 PSYoungGen      total 68608K, used 5094K [0x00000000eab00000, 0x00000000ef300000, 0x0000000100000000)
  eden space 63488K, 0% used [0x00000000eab00000,0x00000000eab00000,0x00000000ee900000)
  from space 5120K, 99% used [0x00000000eee00000,0x00000000ef2f9ae8,0x00000000ef300000)
  to   space 5120K, 0% used [0x00000000ee900000,0x00000000ee900000,0x00000000eee00000)
 ParOldGen       total 84992K, used 5891K [0x00000000c0000000, 0x00000000c5300000, 0x00000000eab00000)
  object space 84992K, 6% used [0x00000000c0000000,0x00000000c05c0e10,0x00000000c5300000)
 Metaspace       used 5732K, capacity 6832K, committed 7040K, reserved 1056768K
  class space    used 588K, capacity 616K, committed 640K, reserved 1048576K
}
Event: 6.033 GC heap before
{Heap before GC invocations=3 (full 0):
 PSYoungGen      total 68608K, used 68582K [0x00000000eab00000, 0x00000000ef300000, 0x0000000100000000)
  eden space 63488K, 100% used [0x00000000eab00000,0x00000000ee900000,0x00000000ee900000)
  from space 5120K, 99% used [0x00000000eee00000,0x00000000ef2f9ae8,0x00000000ef300000)
  to   space 5120K, 0% used [0x00000000ee900000,0x00000000ee900000,0x00000000eee00000)
 ParOldGen       total 84992K, used 5891K [0x00000000c0000000, 0x00000000c5300000, 0x00000000eab00000)
  object space 84992K, 6% used [0x00000000c0000000,0x00000000c05c0e10,0x00000000c5300000)
 Metaspace       used 5871K, capacity 6898K, committed 7040K, reserved 1056768K
  class space    used 603K, capacity 618K, committed 640K, reserved 1048576K

Deoptimization events (10 events):
Event: 3.472 Thread 0x00007f190415e800 Uncommon trap: reason=unstable_if action=reinterpret pc=0x00007f18f4bf365c method=com.android.dx.rop.cst.Constant.compareTo(Lcom/android/dx/rop/cst/Constant;)I @ 12
Event: 4.309 Thread 0x00007f190415e800 Uncommon trap: reason=bimorphic action=maybe_recompile pc=0x00007f18f4be7308 method=java.util.HashMap.getNode(ILjava/lang/Object;)Ljava/util/HashMap$Node; @ 126
Event: 4.309 Thread 0x00007f190415e800 Uncommon trap: reason=bimorphic action=maybe_recompile pc=0x00007f18f4be7308 method=java.util.HashMap.getNode(ILjava/lang/Object;)Ljava/util/HashMap$Node; @ 126
Event: 4.309 Thread 0x00007f190415e800 Uncommon trap: reason=bimorphic action=maybe_recompile pc=0x00007f18f4be7308 method=java.util.HashMap.getNode(ILjava/lang/Object;)Ljava/util/HashMap$Node; @ 126
Event: 4.309 Thread 0x00007f190415e800 Uncommon trap: reason=bimorphic action=maybe_recompile pc=0x00007f18f4be7308 method=java.util.HashMap.getNode(ILjava/lang/Object;)Ljava/util/HashMap$Node; @ 126
Event: 4.309 Thread 0x00007f190415e800 Uncommon trap: reason=bimorphic action=maybe_recompile pc=0x00007f18f4b95be0 method=java.util.HashMap.getNode(ILjava/lang/Object;)Ljava/util/HashMap$Node; @ 126
Event: 5.085 Thread 0x00007f190415e800 Uncommon trap: reason=unstable_if action=reinterpret pc=0x00007f18f4c2ffbc method=java.util.HashMap.putVal(ILjava/lang/Object;Ljava/lang/Object;ZZ)Ljava/lang/Object; @ 162
Event: 5.120 Thread 0x00007f190415b800 Uncommon trap: reason=unstable_if action=reinterpret pc=0x00007f18f4d4f9ec method=java.util.HashMap.getNode(ILjava/lang/Object;)Ljava/util/HashMap$Node; @ 84
Event: 5.120 Thread 0x00007f190415b800 Uncommon trap: reason=unstable_if action=reinterpret pc=0x00007f18f4d51534 method=java.util.HashMap.getNode(ILjava/lang/Object;)Ljava/util/HashMap$Node; @ 84
Event: 5.464 Thread 0x00007f190415b800 Uncommon trap: reason=unstable_if action=reinterpret pc=0x00007f18f4d1d87c method=com.android.dx.ssa.SsaMethod.updateOneDefinition(Lcom/android/dx/ssa/SsaInsn;Lcom/android/dx/rop/code/RegisterSpec;)V @ 4

Internal exceptions (6 events):
Event: 0.100 Thread 0x00007f190400a000 Exception <a 'java/lang/NoSuchMethodError': Method sun.misc.Unsafe.defineClass(Ljava/lang/String;[BII)Ljava/lang/Class; name or signature does not match> (0x00000000eab12b98) thrown at [/HUDSON/workspace/8-2-build-linux-amd64/jdk8u65/4987/hotspot/src/shar
Event: 0.100 Thread 0x00007f190400a000 Exception <a 'java/lang/NoSuchMethodError': Method sun.misc.Unsafe.prefetchRead(Ljava/lang/Object;J)V name or signature does not match> (0x00000000eab12e80) thrown at [/HUDSON/workspace/8-2-build-linux-amd64/jdk8u65/4987/hotspot/src/share/vm/prims/jni.cpp
Event: 3.309 Thread 0x00007f1904149000 Implicit null exception at 0x00007f18f4c7afac to 0x00007f18f4c7e0d9
Event: 4.512 Thread 0x00007f190415e800 Exception <a 'java/lang/ArrayIndexOutOfBoundsException': 18> (0x00000000eac26cd0) thrown at [/HUDSON/workspace/8-2-build-linux-amd64/jdk8u65/4987/hotspot/src/share/vm/interpreter/interpreterRuntime.cpp, line 366]
Event: 5.108 Thread 0x00007f190415e800 Exception <a 'java/lang/ArrayIndexOutOfBoundsException': 145> (0x00000000ec8280c0) thrown at [/HUDSON/workspace/8-2-build-linux-amd64/jdk8u65/4987/hotspot/src/share/vm/interpreter/interpreterRuntime.cpp, line 366]
Event: 5.111 Thread 0x00007f190415e800 Exception <a 'java/lang/ArrayIndexOutOfBoundsException': 40> (0x00000000ec8293a8) thrown at [/HUDSON/workspace/8-2-build-linux-amd64/jdk8u65/4987/hotspot/src/share/vm/interpreter/interpreterRuntime.cpp, line 366]

Events (10 events):
Event: 5.228 Thread 0x00007f1904149000 DEOPT PACKING pc=0x00007f18f4d32b2c sp=0x00007f18eb2150e0
Event: 5.228 Thread 0x00007f1904149000 DEOPT UNPACKING pc=0x00007f18f4a14233 sp=0x00007f18eb214de0 mode 0
Event: 5.377 loading class com/android/dx/rop/code/RegOps
Event: 5.377 loading class com/android/dx/rop/code/RegOps done
Event: 5.464 Thread 0x00007f190415b800 Uncommon trap: trap_request=0xffffff65 fr.pc=0x00007f18f4d1d87c
Event: 5.464 Thread 0x00007f190415b800 DEOPT PACKING pc=0x00007f18f4d1d87c sp=0x00007f18eb012d80
Event: 5.464 Thread 0x00007f190415b800 DEOPT UNPACKING pc=0x00007f18f49d2229 sp=0x00007f18eb012d48 mode 2
Event: 5.648 Thread 0x00007f190400a000 DEOPT PACKING pc=0x00007f18f4d32b2c sp=0x00007f190a952880
Event: 5.697 Thread 0x00007f190400a000 DEOPT UNPACKING pc=0x00007f18f4a14233 sp=0x00007f190a952580 mode 0
Event: 5.957 Executing VM operation: ParallelGCFailedAllocation


Dynamic libraries:
00400000-00401000 r-xp 00000000 08:01 5124091                            /usr/lib/jvm/jdk/jdk1.8.0_65/bin/java
00600000-00601000 rw-p 00000000 08:01 5124091                            /usr/lib/jvm/jdk/jdk1.8.0_65/bin/java
00e34000-00e55000 rw-p 00000000 00:00 0                                  [heap]
c0000000-c5300000 rw-p 00000000 00:00 0 
c5300000-eab00000 ---p 00000000 00:00 0 
eab00000-ef300000 rw-p 00000000 00:00 0 
f3100000-100000000 ---p 00000000 00:00 0 
100000000-1000a0000 rw-p 00000000 00:00 0 
1000a0000-140000000 ---p 00000000 00:00 0 
7f189c000000-7f189c021000 rw-p 00000000 00:00 0 
7f189c021000-7f18a0000000 ---p 00000000 00:00 0 
7f18a4000000-7f18a4025000 rw-p 00000000 00:00 0 
7f18a4025000-7f18a8000000 ---p 00000000 00:00 0 
7f18a8000000-7f18a8021000 rw-p 00000000 00:00 0 
7f18a8021000-7f18ac000000 ---p 00000000 00:00 0 
7f18ac000000-7f18ac023000 rw-p 00000000 00:00 0 
7f18ac023000-7f18b0000000 ---p 00000000 00:00 0 
7f18b0000000-7f18b0021000 rw-p 00000000 00:00 0 
7f18b0021000-7f18b4000000 ---p 00000000 00:00 0 
7f18b4000000-7f18b4021000 rw-p 00000000 00:00 0 
7f18b4021000-7f18b8000000 ---p 00000000 00:00 0 
7f18b8000000-7f18b8021000 rw-p 00000000 00:00 0 
7f18b8021000-7f18bc000000 ---p 00000000 00:00 0 
7f18bc000000-7f18bc655000 rw-p 00000000 00:00 0 
7f18bc655000-7f18c0000000 ---p 00000000 00:00 0 
7f18c0000000-7f18c0817000 rw-p 00000000 00:00 0 
7f18c0817000-7f18c4000000 ---p 00000000 00:00 0 
7f18c4000000-7f18c4021000 rw-p 00000000 00:00 0 
7f18c4021000-7f18c8000000 ---p 00000000 00:00 0 
7f18c8000000-7f18c871c000 rw-p 00000000 00:00 0 
7f18c871c000-7f18cc000000 ---p 00000000 00:00 0 
7f18cc000000-7f18cc021000 rw-p 00000000 00:00 0 
7f18cc021000-7f18d0000000 ---p 00000000 00:00 0 
7f18d0000000-7f18d0021000 rw-p 00000000 00:00 0 
7f18d0021000-7f18d4000000 ---p 00000000 00:00 0 
7f18d4000000-7f18d4021000 rw-p 00000000 00:00 0 
7f18d4021000-7f18d8000000 ---p 00000000 00:00 0 
7f18d8000000-7f18d828b000 rw-p 00000000 00:00 0 
7f18d828b000-7f18dc000000 ---p 00000000 00:00 0 
7f18dc000000-7f18dc021000 rw-p 00000000 00:00 0 
7f18dc021000-7f18e0000000 ---p 00000000 00:00 0 
7f18e4000000-7f18e4021000 rw-p 00000000 00:00 0 
7f18e4021000-7f18e8000000 ---p 00000000 00:00 0 
7f18ead12000-7f18ead15000 ---p 00000000 00:00 0 
7f18ead15000-7f18eae13000 rw-p 00000000 00:00 0                          [stack:16939]
7f18eae13000-7f18eae16000 ---p 00000000 00:00 0 
7f18eae16000-7f18eaf14000 rw-p 00000000 00:00 0                          [stack:16938]
7f18eaf14000-7f18eaf17000 ---p 00000000 00:00 0 
7f18eaf17000-7f18eb015000 rw-p 00000000 00:00 0                          [stack:16935]
7f18eb015000-7f18eb018000 ---p 00000000 00:00 0 
7f18eb018000-7f18eb116000 rw-p 00000000 00:00 0                          [stack:16934]
7f18eb116000-7f18eb119000 ---p 00000000 00:00 0 
7f18eb119000-7f18eb217000 rw-p 00000000 00:00 0                          [stack:16930]
7f18eb217000-7f18eb218000 ---p 00000000 00:00 0 
7f18eb218000-7f18eb318000 rw-p 00000000 00:00 0                          [stack:16921]
7f18eb318000-7f18eb31b000 ---p 00000000 00:00 0 
7f18eb31b000-7f18eb419000 rw-p 00000000 00:00 0                          [stack:16920]
7f18eb419000-7f18eb41c000 ---p 00000000 00:00 0 
7f18eb41c000-7f18eb51a000 rw-p 00000000 00:00 0                          [stack:16919]
7f18eb51a000-7f18eb51d000 ---p 00000000 00:00 0 
7f18eb51d000-7f18eb61b000 rw-p 00000000 00:00 0                          [stack:16911]
7f18eb61b000-7f18eb61e000 ---p 00000000 00:00 0 
7f18eb61e000-7f18eb71c000 rw-p 00000000 00:00 0                          [stack:16907]
7f18eb71c000-7f18eb71f000 ---p 00000000 00:00 0 
7f18eb71f000-7f18eb81d000 rw-p 00000000 00:00 0                          [stack:16903]
7f18eb81d000-7f18ebeff000 r--p 00000000 08:01 4987932                    /usr/lib/locale/locale-archive
7f18ebeff000-7f18ebf02000 ---p 00000000 00:00 0 
7f18ebf02000-7f18ec000000 rw-p 00000000 00:00 0                          [stack:16889]
7f18ec000000-7f18ec021000 rw-p 00000000 00:00 0 
7f18ec021000-7f18f0000000 ---p 00000000 00:00 0 
7f18f007d000-7f18f0092000 r--s 000e5000 08:01 5908507                    /home/john/Dropbox/term_7/semester_2/project/development/service_manager_mobile/app/build/intermediates/exploded-aar/com.android.support/support-v4/23.1.0/jars/classes.jar
7f18f0092000-7f18f00a1000 r--s 000df000 08:01 5775962                    /home/john/Android/Sdk/build-tools/23.0.0/lib/dx.jar
7f18f00a1000-7f18f00a4000 ---p 00000000 00:00 0 
7f18f00a4000-7f18f01a2000 rw-p 00000000 00:00 0                          [stack:16887]
7f18f01a2000-7f18f01a3000 ---p 00000000 00:00 0 
7f18f01a3000-7f18f1264000 rw-p 00000000 00:00 0                          [stack:16886]
7f18f1264000-7f18f143c000 r--s 03d20000 08:01 5123998                    /usr/lib/jvm/jdk/jdk1.8.0_65/jre/lib/rt.jar
7f18f143c000-7f18f1af2000 rw-p 00000000 00:00 0 
7f18f1af2000-7f18f1cb2000 ---p 00000000 00:00 0 
7f18f1cb2000-7f18f3eb2000 rw-p 00000000 00:00 0 
7f18f3eb2000-7f18f3eb3000 ---p 00000000 00:00 0 
7f18f3eb3000-7f18f3fb3000 rw-p 00000000 00:00 0                          [stack:16881]
7f18f3fb3000-7f18f3fb4000 ---p 00000000 00:00 0 
7f18f3fb4000-7f18f40b4000 rw-p 00000000 00:00 0                          [stack:16879]
7f18f40b4000-7f18f40b5000 ---p 00000000 00:00 0 
7f18f40b5000-7f18f41b5000 rw-p 00000000 00:00 0                          [stack:16877]
7f18f41b5000-7f18f41b6000 ---p 00000000 00:00 0 
7f18f41b6000-7f18f42e0000 rw-p 00000000 00:00 0                          [stack:16876]
7f18f42e0000-7f18f440c000 ---p 00000000 00:00 0 
7f18f440c000-7f18f4436000 rw-p 00000000 00:00 0 
7f18f4436000-7f18f4561000 ---p 00000000 00:00 0 
7f18f4561000-7f18f4586000 rw-p 00000000 00:00 0 
7f18f4586000-7f18f460c000 ---p 00000000 00:00 0 
7f18f460c000-7f18f461f000 rw-p 00000000 00:00 0 
7f18f461f000-7f18f49cd000 ---p 00000000 00:00 0 
7f18f49cd000-7f18f4e1d000 rwxp 00000000 00:00 0 
7f18f4e1d000-7f19039cd000 ---p 00000000 00:00 0 
7f19039cd000-7f19039e7000 r-xp 00000000 08:01 5123948                    /usr/lib/jvm/jdk/jdk1.8.0_65/jre/lib/amd64/libzip.so
7f19039e7000-7f1903be7000 ---p 0001a000 08:01 5123948                    /usr/lib/jvm/jdk/jdk1.8.0_65/jre/lib/amd64/libzip.so
7f1903be7000-7f1903be8000 rw-p 0001a000 08:01 5123948                    /usr/lib/jvm/jdk/jdk1.8.0_65/jre/lib/amd64/libzip.so
7f1903be8000-7f1903bf3000 r-xp 00000000 08:01 399570                     /lib/x86_64-linux-gnu/libnss_files-2.19.so
7f1903bf3000-7f1903df2000 ---p 0000b000 08:01 399570                     /lib/x86_64-linux-gnu/libnss_files-2.19.so
7f1903df2000-7f1903df3000 r--p 0000a000 08:01 399570                     /lib/x86_64-linux-gnu/libnss_files-2.19.so
7f1903df3000-7f1903df4000 rw-p 0000b000 08:01 399570                     /lib/x86_64-linux-gnu/libnss_files-2.19.so
7f1903df4000-7f1903dff000 r-xp 00000000 08:01 399562                     /lib/x86_64-linux-gnu/libnss_nis-2.19.so
7f1903dff000-7f1903ffe000 ---p 0000b000 08:01 399562                     /lib/x86_64-linux-gnu/libnss_nis-2.19.so
7f1903ffe000-7f1903fff000 r--p 0000a000 08:01 399562                     /lib/x86_64-linux-gnu/libnss_nis-2.19.so
7f1903fff000-7f1904000000 rw-p 0000b000 08:01 399562                     /lib/x86_64-linux-gnu/libnss_nis-2.19.so
7f1904000000-7f19043ae000 rw-p 00000000 00:00 0 
7f19043ae000-7f1908000000 ---p 00000000 00:00 0 
7f190800d000-7f1908024000 r-xp 00000000 08:01 399558                     /lib/x86_64-linux-gnu/libnsl-2.19.so
7f1908024000-7f1908223000 ---p 00017000 08:01 399558                     /lib/x86_64-linux-gnu/libnsl-2.19.so
7f1908223000-7f1908224000 r--p 00016000 08:01 399558                     /lib/x86_64-linux-gnu/libnsl-2.19.so
7f1908224000-7f1908225000 rw-p 00017000 08:01 399558                     /lib/x86_64-linux-gnu/libnsl-2.19.so
7f1908225000-7f1908227000 rw-p 00000000 00:00 0 
7f1908227000-7f1908230000 r-xp 00000000 08:01 399557                     /lib/x86_64-linux-gnu/libnss_compat-2.19.so
7f1908230000-7f190842f000 ---p 00009000 08:01 399557                     /lib/x86_64-linux-gnu/libnss_compat-2.19.so
7f190842f000-7f1908430000 r--p 00008000 08:01 399557                     /lib/x86_64-linux-gnu/libnss_compat-2.19.so
7f1908430000-7f1908431000 rw-p 00009000 08:01 399557                     /lib/x86_64-linux-gnu/libnss_compat-2.19.so
7f1908431000-7f190845b000 r-xp 00000000 08:01 5123926                    /usr/lib/jvm/jdk/jdk1.8.0_65/jre/lib/amd64/libjava.so
7f190845b000-7f190865b000 ---p 0002a000 08:01 5123926                    /usr/lib/jvm/jdk/jdk1.8.0_65/jre/lib/amd64/libjava.so
7f190865b000-7f190865d000 rw-p 0002a000 08:01 5123926                    /usr/lib/jvm/jdk/jdk1.8.0_65/jre/lib/amd64/libjava.so
7f190865d000-7f190866a000 r-xp 00000000 08:01 5123942                    /usr/lib/jvm/jdk/jdk1.8.0_65/jre/lib/amd64/libverify.so
7f190866a000-7f190886a000 ---p 0000d000 08:01 5123942                    /usr/lib/jvm/jdk/jdk1.8.0_65/jre/lib/amd64/libverify.so
7f190886a000-7f190886c000 rw-p 0000d000 08:01 5123942                    /usr/lib/jvm/jdk/jdk1.8.0_65/jre/lib/amd64/libverify.so
7f190886c000-7f1908873000 r-xp 00000000 08:01 399566                     /lib/x86_64-linux-gnu/librt-2.19.so
7f1908873000-7f1908a72000 ---p 00007000 08:01 399566                     /lib/x86_64-linux-gnu/librt-2.19.so
7f1908a72000-7f1908a73000 r--p 00006000 08:01 399566                     /lib/x86_64-linux-gnu/librt-2.19.so
7f1908a73000-7f1908a74000 rw-p 00007000 08:01 399566                     /lib/x86_64-linux-gnu/librt-2.19.so
7f1908a74000-7f1908b79000 r-xp 00000000 08:01 399552                     /lib/x86_64-linux-gnu/libm-2.19.so
7f1908b79000-7f1908d78000 ---p 00105000 08:01 399552                     /lib/x86_64-linux-gnu/libm-2.19.so
7f1908d78000-7f1908d79000 r--p 00104000 08:01 399552                     /lib/x86_64-linux-gnu/libm-2.19.so
7f1908d79000-7f1908d7a000 rw-p 00105000 08:01 399552                     /lib/x86_64-linux-gnu/libm-2.19.so
7f1908d7a000-7f1909a38000 r-xp 00000000 08:01 5123964                    /usr/lib/jvm/jdk/jdk1.8.0_65/jre/lib/amd64/server/libjvm.so
7f1909a38000-7f1909c37000 ---p 00cbe000 08:01 5123964                    /usr/lib/jvm/jdk/jdk1.8.0_65/jre/lib/amd64/server/libjvm.so
7f1909c37000-7f1909d0f000 rw-p 00cbd000 08:01 5123964                    /usr/lib/jvm/jdk/jdk1.8.0_65/jre/lib/amd64/server/libjvm.so
7f1909d0f000-7f1909d54000 rw-p 00000000 00:00 0 
7f1909d54000-7f1909f0f000 r-xp 00000000 08:01 399567                     /lib/x86_64-linux-gnu/libc-2.19.so
7f1909f0f000-7f190a10e000 ---p 001bb000 08:01 399567                     /lib/x86_64-linux-gnu/libc-2.19.so
7f190a10e000-7f190a112000 r--p 001ba000 08:01 399567                     /lib/x86_64-linux-gnu/libc-2.19.so
7f190a112000-7f190a114000 rw-p 001be000 08:01 399567                     /lib/x86_64-linux-gnu/libc-2.19.so
7f190a114000-7f190a119000 rw-p 00000000 00:00 0 
7f190a119000-7f190a11c000 r-xp 00000000 08:01 399554                     /lib/x86_64-linux-gnu/libdl-2.19.so
7f190a11c000-7f190a31b000 ---p 00003000 08:01 399554                     /lib/x86_64-linux-gnu/libdl-2.19.so
7f190a31b000-7f190a31c000 r--p 00002000 08:01 399554                     /lib/x86_64-linux-gnu/libdl-2.19.so
7f190a31c000-7f190a31d000 rw-p 00003000 08:01 399554                     /lib/x86_64-linux-gnu/libdl-2.19.so
7f190a31d000-7f190a332000 r-xp 00000000 08:01 5123009                    /usr/lib/jvm/jdk/jdk1.8.0_65/lib/amd64/jli/libjli.so
7f190a332000-7f190a532000 ---p 00015000 08:01 5123009                    /usr/lib/jvm/jdk/jdk1.8.0_65/lib/amd64/jli/libjli.so
7f190a532000-7f190a533000 rw-p 00015000 08:01 5123009                    /usr/lib/jvm/jdk/jdk1.8.0_65/lib/amd64/jli/libjli.so
7f190a533000-7f190a54c000 r-xp 00000000 08:01 399559                     /lib/x86_64-linux-gnu/libpthread-2.19.so
7f190a54c000-7f190a74b000 ---p 00019000 08:01 399559                     /lib/x86_64-linux-gnu/libpthread-2.19.so
7f190a74b000-7f190a74c000 r--p 00018000 08:01 399559                     /lib/x86_64-linux-gnu/libpthread-2.19.so
7f190a74c000-7f190a74d000 rw-p 00019000 08:01 399559                     /lib/x86_64-linux-gnu/libpthread-2.19.so
7f190a74d000-7f190a751000 rw-p 00000000 00:00 0 
7f190a751000-7f190a774000 r-xp 00000000 08:01 399560                     /lib/x86_64-linux-gnu/ld-2.19.so
7f190a77b000-7f190a854000 rw-p 00000000 00:00 0 
7f190a854000-7f190a857000 ---p 00000000 00:00 0 
7f190a857000-7f190a959000 rw-p 00000000 00:00 0                          [stack:16859]
7f190a966000-7f190a967000 rw-p 00000000 00:00 0 
7f190a967000-7f190a96f000 rw-s 00000000 08:01 1970824                    /tmp/hsperfdata_john/16854
7f190a96f000-7f190a970000 rw-p 00000000 00:00 0 
7f190a970000-7f190a971000 ---p 00000000 00:00 0 
7f190a971000-7f190a973000 rw-p 00000000 00:00 0 
7f190a973000-7f190a974000 r--p 00022000 08:01 399560                     /lib/x86_64-linux-gnu/ld-2.19.so
7f190a974000-7f190a975000 rw-p 00023000 08:01 399560                     /lib/x86_64-linux-gnu/ld-2.19.so
7f190a975000-7f190a976000 rw-p 00000000 00:00 0 
7ffd8cb61000-7ffd8cb82000 rw-p 00000000 00:00 0                          [stack]
7ffd8cb9d000-7ffd8cb9f000 r--p 00000000 00:00 0                          [vvar]
7ffd8cb9f000-7ffd8cba1000 r-xp 00000000 00:00 0                          [vdso]
ffffffffff600000-ffffffffff601000 r-xp 00000000 00:00 0                  [vsyscall]

VM Arguments:
jvm_args: -Djava.awt.headless=true -Xmx1024M -Dfile.encoding=UTF-8 -Duser.country=IE -Duser.language=en -Duser.variant 
java_command: com.android.dx.command.Main --dex --num-threads=4 --output /home/john/Dropbox/term_7/semester_2/project/development/service_manager_mobile/app/build/intermediates/pre-dexed/debug/com.android.support-support-v4-23.1.0_b0839557db3362795238714f203193573fc11d53.jar /home/john/Dropbox/term_7/semester_2/project/development/service_manager_mobile/app/build/intermediates/exploded-aar/com.android.support/support-v4/23.1.0/jars/classes.jar
java_class_path (initial): /home/john/Android/Sdk/build-tools/23.0.0/lib/dx.jar
Launcher Type: SUN_STANDARD

Environment Variables:
PATH=/home/john/.rvm/gems/ruby-2.2.2/bin:/home/john/.rvm/gems/ruby-2.2.2@global/bin:/home/john/.rvm/rubies/ruby-2.2.2/bin:/usr/local/sbin:/usr/local/bin:/usr/sbin:/usr/bin:/sbin:/bin:/usr/games:/usr/local/games:/home/john/.rvm/bin
SHELL=/bin/bash
DISPLAY=:0

Signal Handlers:
SIGSEGV: [libjvm.so+0xaba070], sa_mask[0]=11111111011111111101111111111110, sa_flags=SA_RESTART|SA_SIGINFO
SIGBUS: [libjvm.so+0xaba070], sa_mask[0]=11111111011111111101111111111110, sa_flags=SA_RESTART|SA_SIGINFO
SIGFPE: [libjvm.so+0x917630], sa_mask[0]=11111111011111111101111111111110, sa_flags=SA_RESTART|SA_SIGINFO
SIGPIPE: [libjvm.so+0x917630], sa_mask[0]=11111111011111111101111111111110, sa_flags=SA_RESTART|SA_SIGINFO
SIGXFSZ: [libjvm.so+0x917630], sa_mask[0]=11111111011111111101111111111110, sa_flags=SA_RESTART|SA_SIGINFO
SIGILL: [libjvm.so+0x917630], sa_mask[0]=11111111011111111101111111111110, sa_flags=SA_RESTART|SA_SIGINFO
SIGUSR1: SIG_DFL, sa_mask[0]=00000000000000000000000000000000, sa_flags=none
SIGUSR2: [libjvm.so+0x918c60], sa_mask[0]=00100000000000000000000000000000, sa_flags=SA_RESTART|SA_SIGINFO
SIGHUP: [libjvm.so+0x91a060], sa_mask[0]=11111111011111111101111111111110, sa_flags=SA_RESTART|SA_SIGINFO
SIGINT: [libjvm.so+0x91a060], sa_mask[0]=11111111011111111101111111111110, sa_flags=SA_RESTART|SA_SIGINFO
SIGTERM: [libjvm.so+0x91a060], sa_mask[0]=11111111011111111101111111111110, sa_flags=SA_RESTART|SA_SIGINFO
SIGQUIT: [libjvm.so+0x91a060], sa_mask[0]=11111111011111111101111111111110, sa_flags=SA_RESTART|SA_SIGINFO


---------------  S Y S T E M  ---------------

OS:DISTRIB_ID=Ubuntu
DISTRIB_RELEASE=14.04
DISTRIB_CODENAME=trusty
DISTRIB_DESCRIPTION="Ubuntu 14.04.4 LTS"

uname:Linux 3.19.0-51-generic #58~14.04.1-Ubuntu SMP Fri Feb 26 22:02:58 UTC 2016 x86_64
libc:glibc 2.19 NPTL 2.19 
rlimit: STACK 8192k, CORE 0k, NPROC 31297, NOFILE 4096, AS infinity
load average:43.23 12.23 4.51

/proc/meminfo:
MemTotal:        8033604 kB
MemFree:          133320 kB
MemAvailable:      92132 kB
Buffers:             552 kB
Cached:           224424 kB
SwapCached:            0 kB
Active:          7310812 kB
Inactive:         211100 kB
Active(anon):    7301104 kB
Inactive(anon):   200828 kB
Active(file):       9708 kB
Inactive(file):    10272 kB
Unevictable:         184 kB
Mlocked:             184 kB
SwapTotal:             0 kB
SwapFree:              0 kB
Dirty:                 0 kB
Writeback:           164 kB
AnonPages:       7297812 kB
Mapped:           125856 kB
Shmem:            204304 kB
Slab:             110800 kB
SReclaimable:      66576 kB
SUnreclaim:        44224 kB
KernelStack:       16368 kB
PageTables:        62068 kB
NFS_Unstable:          0 kB
Bounce:                0 kB
WritebackTmp:          0 kB
CommitLimit:     4016800 kB
Committed_AS:   13692908 kB
VmallocTotal:   34359738367 kB
VmallocUsed:      298908 kB
VmallocChunk:   34359430120 kB
HardwareCorrupted:     0 kB
AnonHugePages:   4306944 kB
CmaTotal:              0 kB
CmaFree:               0 kB
HugePages_Total:       0
HugePages_Free:        0
HugePages_Rsvd:        0
HugePages_Surp:        0
Hugepagesize:       2048 kB
DirectMap4k:      381892 kB
DirectMap2M:     7864320 kB


CPU:total 4 (2 cores per cpu, 2 threads per core) family 6 model 37 stepping 5, cmov, cx8, fxsr, mmx, sse, sse2, sse3, ssse3, sse4.1, sse4.2, popcnt, aes, clmul, ht, tsc, tscinvbit

/proc/cpuinfo:
processor	: 0
vendor_id	: GenuineIntel
cpu family	: 6
model		: 37
model name	: Intel(R) Core(TM) i7 CPU       M 620  @ 2.67GHz
stepping	: 5
microcode	: 0x1
cpu MHz		: 2667.000
cache size	: 4096 KB
physical id	: 0
siblings	: 4
core id		: 0
cpu cores	: 2
apicid		: 0
initial apicid	: 0
fpu		: yes
fpu_exception	: yes
cpuid level	: 11
wp		: yes
flags		: fpu vme de pse tsc msr pae mce cx8 apic sep mtrr pge mca cmov pat pse36 clflush dts acpi mmx fxsr sse sse2 ss ht tm pbe syscall nx rdtscp lm constant_tsc arch_perfmon pebs bts rep_good nopl xtopology nonstop_tsc aperfmperf pni pclmulqdq dtes64 monitor ds_cpl vmx smx est tm2 ssse3 cx16 xtpr pdcm pcid sse4_1 sse4_2 popcnt aes lahf_lm ida arat dtherm tpr_shadow vnmi flexpriority ept vpid
bugs		:
bogomips	: 5319.59
clflush size	: 64
cache_alignment	: 64
address sizes	: 36 bits physical, 48 bits virtual
power management:

processor	: 1
vendor_id	: GenuineIntel
cpu family	: 6
model		: 37
model name	: Intel(R) Core(TM) i7 CPU       M 620  @ 2.67GHz
stepping	: 5
microcode	: 0x1
cpu MHz		: 2667.000
cache size	: 4096 KB
physical id	: 0
siblings	: 4
core id		: 2
cpu cores	: 2
apicid		: 4
initial apicid	: 4
fpu		: yes
fpu_exception	: yes
cpuid level	: 11
wp		: yes
flags		: fpu vme de pse tsc msr pae mce cx8 apic sep mtrr pge mca cmov pat pse36 clflush dts acpi mmx fxsr sse sse2 ss ht tm pbe syscall nx rdtscp lm constant_tsc arch_perfmon pebs bts rep_good nopl xtopology nonstop_tsc aperfmperf pni pclmulqdq dtes64 monitor ds_cpl vmx smx est tm2 ssse3 cx16 xtpr pdcm pcid sse4_1 sse4_2 popcnt aes lahf_lm ida arat dtherm tpr_shadow vnmi flexpriority ept vpid
bugs		:
bogomips	: 5319.59
clflush size	: 64
cache_alignment	: 64
address sizes	: 36 bits physical, 48 bits virtual
power management:

processor	: 2
vendor_id	: GenuineIntel
cpu family	: 6
model		: 37
model name	: Intel(R) Core(TM) i7 CPU       M 620  @ 2.67GHz
stepping	: 5
microcode	: 0x1
cpu MHz		: 2667.000
cache size	: 4096 KB
physical id	: 0
siblings	: 4
core id		: 0
cpu cores	: 2
apicid		: 1
initial apicid	: 1
fpu		: yes
fpu_exception	: yes
cpuid level	: 11
wp		: yes
flags		: fpu vme de pse tsc msr pae mce cx8 apic sep mtrr pge mca cmov pat pse36 clflush dts acpi mmx fxsr sse sse2 ss ht tm pbe syscall nx rdtscp lm constant_tsc arch_perfmon pebs bts rep_good nopl xtopology nonstop_tsc aperfmperf pni pclmulqdq dtes64 monitor ds_cpl vmx smx est tm2 ssse3 cx16 xtpr pdcm pcid sse4_1 sse4_2 popcnt aes lahf_lm ida arat dtherm tpr_shadow vnmi flexpriority ept vpid
bugs		:
bogomips	: 5319.59
clflush size	: 64
cache_alignment	: 64
address sizes	: 36 bits physical, 48 bits virtual
power management:

processor	: 3
vendor_id	: GenuineIntel
cpu family	: 6
model		: 37
model name	: Intel(R) Core(TM) i7 CPU       M 620  @ 2.67GHz
stepping	: 5
microcode	: 0x1
cpu MHz		: 2667.000
cache size	: 4096 KB
physical id	: 0
siblings	: 4
core id		: 2
cpu cores	: 2
apicid		: 5
initial apicid	: 5
fpu		: yes
fpu_exception	: yes
cpuid level	: 11
wp		: yes
flags		: fpu vme de pse tsc msr pae mce cx8 apic sep mtrr pge mca cmov pat pse36 clflush dts acpi mmx fxsr sse sse2 ss ht tm pbe syscall nx rdtscp lm constant_tsc arch_perfmon pebs bts rep_good nopl xtopology nonstop_tsc aperfmperf pni pclmulqdq dtes64 monitor ds_cpl vmx smx est tm2 ssse3 cx16 xtpr pdcm pcid sse4_1 sse4_2 popcnt aes lahf_lm ida arat dtherm tpr_shadow vnmi flexpriority ept vpid
bugs		:
bogomips	: 5319.59
clflush size	: 64
cache_alignment	: 64
address sizes	: 36 bits physical, 48 bits virtual
power management:



Memory: 4k page, physical 8033604k(132576k free), swap 0k(0k free)

vm_info: Java HotSpot(TM) 64-Bit Server VM (25.65-b01) for linux-amd64 JRE (1.8.0_65-b17), built on Oct  6 2015 17:16:12 by "java_re" with gcc 4.3.0 20080428 (Red Hat 4.3.0-8)

time: Wed Mar 23 13:47:54 2016
elapsed time: 57 seconds (0d 0h 0m 57s)

